{"/home/travis/build/npmtest/node-npmtest-deepstream.io/test.js":{"path":"/home/travis/build/npmtest/node-npmtest-deepstream.io/test.js","s":{"1":2,"2":2,"3":2,"4":2,"5":2,"6":2,"7":2,"8":1,"9":2,"10":2,"11":1,"12":1,"13":1,"14":1,"15":2,"16":2,"17":2,"18":2,"19":1,"20":1,"21":2,"22":2,"23":2,"24":1,"25":1,"26":1,"27":1,"28":1,"29":1,"30":1,"31":1,"32":1,"33":1,"34":1,"35":1,"36":1,"37":1,"38":1,"39":2,"40":2,"41":1,"42":2,"43":2,"44":1,"45":2,"46":2,"47":1,"48":2,"49":2,"50":1,"51":1,"52":1,"53":1,"54":1},"b":{"1":[2,1,1,1],"2":[1,1,1,1],"3":[1,1],"4":[1,1],"5":[1,1],"6":[1,1],"7":[1,1],"8":[1,1],"9":[1,1],"10":[1,1,1],"11":[1,1],"12":[1,1],"13":[1,1],"14":[1,1],"15":[1,1],"16":[1,1],"17":[1,1]},"f":{"1":2,"2":2,"3":2,"4":2,"5":2,"6":1,"7":1,"8":1,"9":2,"10":2,"11":2,"12":2,"13":1},"fnMap":{"1":{"name":"(anonymous_1)","line":12,"loc":{"start":{"line":12,"column":1},"end":{"line":12,"column":13}}},"2":{"name":"(anonymous_2)","line":19,"loc":{"start":{"line":19,"column":5},"end":{"line":19,"column":17}}},"3":{"name":"(anonymous_3)","line":23,"loc":{"start":{"line":23,"column":24},"end":{"line":23,"column":36}}},"4":{"name":"(anonymous_4)","line":61,"loc":{"start":{"line":61,"column":5},"end":{"line":61,"column":17}}},"5":{"name":"(anonymous_5)","line":82,"loc":{"start":{"line":82,"column":5},"end":{"line":82,"column":17}}},"6":{"name":"(anonymous_6)","line":91,"loc":{"start":{"line":91,"column":77},"end":{"line":94,"column":10}}},"7":{"name":"(anonymous_7)","line":112,"loc":{"start":{"line":112,"column":83},"end":{"line":115,"column":10}},"skip":true},"8":{"name":"(anonymous_8)","line":123,"loc":{"start":{"line":123,"column":77},"end":{"line":126,"column":10}},"skip":true},"9":{"name":"(anonymous_9)","line":139,"loc":{"start":{"line":139,"column":12},"end":{"line":139,"column":40}},"skip":true},"10":{"name":"(anonymous_10)","line":147,"loc":{"start":{"line":147,"column":77},"end":{"line":150,"column":10}},"skip":true},"11":{"name":"(anonymous_11)","line":158,"loc":{"start":{"line":158,"column":83},"end":{"line":161,"column":10}},"skip":true},"12":{"name":"(anonymous_12)","line":169,"loc":{"start":{"line":169,"column":79},"end":{"line":172,"column":10}},"skip":true},"13":{"name":"(anonymous_13)","line":180,"loc":{"start":{"line":180,"column":75},"end":{"line":183,"column":10}},"skip":true}},"statementMap":{"1":{"start":{"line":12,"column":0},"end":{"line":195,"column":5}},"2":{"start":{"line":14,"column":4},"end":{"line":14,"column":14}},"3":{"start":{"line":19,"column":4},"end":{"line":56,"column":9}},"4":{"start":{"line":21,"column":8},"end":{"line":21,"column":19}},"5":{"start":{"line":23,"column":8},"end":{"line":35,"column":13}},"6":{"start":{"line":24,"column":12},"end":{"line":34,"column":13}},"7":{"start":{"line":25,"column":16},"end":{"line":28,"column":30}},"8":{"start":{"line":30,"column":16},"end":{"line":33,"column":27}},"9":{"start":{"line":37,"column":8},"end":{"line":39,"column":21}},"10":{"start":{"line":40,"column":8},"end":{"line":53,"column":9}},"11":{"start":{"line":43,"column":12},"end":{"line":46,"column":14}},"12":{"start":{"line":47,"column":12},"end":{"line":47,"column":18}},"13":{"start":{"line":50,"column":12},"end":{"line":51,"column":46}},"14":{"start":{"line":52,"column":12},"end":{"line":52,"column":18}},"15":{"start":{"line":55,"column":8},"end":{"line":55,"column":35}},"16":{"start":{"line":61,"column":4},"end":{"line":63,"column":9}},"17":{"start":{"line":62,"column":8},"end":{"line":62,"column":15}},"18":{"start":{"line":64,"column":4},"end":{"line":77,"column":5}},"19":{"start":{"line":70,"column":8},"end":{"line":70,"column":14}},"20":{"start":{"line":76,"column":8},"end":{"line":76,"column":14}},"21":{"start":{"line":82,"column":4},"end":{"line":84,"column":9}},"22":{"start":{"line":83,"column":8},"end":{"line":83,"column":15}},"23":{"start":{"line":85,"column":4},"end":{"line":194,"column":5}},"24":{"start":{"line":91,"column":8},"end":{"line":99,"column":10}},"25":{"start":{"line":98,"column":12},"end":{"line":98,"column":35}},"26":{"start":{"line":102,"column":8},"end":{"line":104,"column":63}},"27":{"start":{"line":105,"column":8},"end":{"line":105,"column":14}},"28":{"start":{"line":112,"column":8},"end":{"line":121,"column":10},"skip":true},"29":{"start":{"line":119,"column":12},"end":{"line":119,"column":55},"skip":true},"30":{"start":{"line":120,"column":12},"end":{"line":120,"column":48},"skip":true},"31":{"start":{"line":123,"column":8},"end":{"line":136,"column":10},"skip":true},"32":{"start":{"line":130,"column":12},"end":{"line":130,"column":76},"skip":true},"33":{"start":{"line":131,"column":12},"end":{"line":131,"column":73},"skip":true},"34":{"start":{"line":132,"column":12},"end":{"line":132,"column":74},"skip":true},"35":{"start":{"line":133,"column":12},"end":{"line":133,"column":79},"skip":true},"36":{"start":{"line":134,"column":12},"end":{"line":134,"column":25},"skip":true},"37":{"start":{"line":135,"column":12},"end":{"line":135,"column":45},"skip":true},"38":{"start":{"line":138,"column":8},"end":{"line":145,"column":14},"skip":true},"39":{"start":{"line":143,"column":16},"end":{"line":143,"column":29},"skip":true},"40":{"start":{"line":144,"column":16},"end":{"line":144,"column":55},"skip":true},"41":{"start":{"line":147,"column":8},"end":{"line":156,"column":10},"skip":true},"42":{"start":{"line":154,"column":12},"end":{"line":154,"column":25},"skip":true},"43":{"start":{"line":155,"column":12},"end":{"line":155,"column":45},"skip":true},"44":{"start":{"line":158,"column":8},"end":{"line":167,"column":10},"skip":true},"45":{"start":{"line":165,"column":12},"end":{"line":165,"column":25},"skip":true},"46":{"start":{"line":166,"column":12},"end":{"line":166,"column":48},"skip":true},"47":{"start":{"line":169,"column":8},"end":{"line":178,"column":10},"skip":true},"48":{"start":{"line":176,"column":12},"end":{"line":176,"column":25},"skip":true},"49":{"start":{"line":177,"column":12},"end":{"line":177,"column":46},"skip":true},"50":{"start":{"line":180,"column":8},"end":{"line":189,"column":10},"skip":true},"51":{"start":{"line":187,"column":12},"end":{"line":187,"column":94},"skip":true},"52":{"start":{"line":188,"column":12},"end":{"line":188,"column":48},"skip":true},"53":{"start":{"line":192,"column":8},"end":{"line":192,"column":35},"skip":true},"54":{"start":{"line":193,"column":8},"end":{"line":193,"column":14},"skip":true}},"branchMap":{"1":{"line":25,"type":"binary-expr","locations":[{"start":{"line":25,"column":23},"end":{"line":25,"column":62}},{"start":{"line":26,"column":20},"end":{"line":26,"column":70}},{"start":{"line":27,"column":20},"end":{"line":27,"column":71}},{"start":{"line":28,"column":20},"end":{"line":28,"column":29}}]},"2":{"line":30,"type":"binary-expr","locations":[{"start":{"line":30,"column":23},"end":{"line":30,"column":37}},{"start":{"line":31,"column":20},"end":{"line":31,"column":61}},{"start":{"line":32,"column":20},"end":{"line":32,"column":70}},{"start":{"line":33,"column":20},"end":{"line":33,"column":26}}]},"3":{"line":37,"type":"cond-expr","locations":[{"start":{"line":38,"column":14},"end":{"line":38,"column":20}},{"start":{"line":39,"column":14},"end":{"line":39,"column":20}}]},"4":{"line":40,"type":"switch","locations":[{"start":{"line":42,"column":8},"end":{"line":47,"column":18}},{"start":{"line":49,"column":8},"end":{"line":52,"column":18}}]},"5":{"line":44,"type":"binary-expr","locations":[{"start":{"line":44,"column":16},"end":{"line":44,"column":44}},{"start":{"line":44,"column":48},"end":{"line":44,"column":66}}]},"6":{"line":50,"type":"binary-expr","locations":[{"start":{"line":50,"column":21},"end":{"line":50,"column":49}},{"start":{"line":50,"column":53},"end":{"line":50,"column":72}}]},"7":{"line":64,"type":"switch","locations":[{"start":{"line":69,"column":4},"end":{"line":70,"column":14}},{"start":{"line":75,"column":4},"end":{"line":76,"column":14}}]},"8":{"line":85,"type":"switch","locations":[{"start":{"line":90,"column":4},"end":{"line":105,"column":14}},{"start":{"line":111,"column":4},"end":{"line":193,"column":14},"skip":true}]},"9":{"line":91,"type":"binary-expr","locations":[{"start":{"line":91,"column":42},"end":{"line":91,"column":73}},{"start":{"line":91,"column":77},"end":{"line":99,"column":9}}]},"10":{"line":102,"type":"binary-expr","locations":[{"start":{"line":102,"column":18},"end":{"line":102,"column":32}},{"start":{"line":103,"column":12},"end":{"line":103,"column":53}},{"start":{"line":104,"column":12},"end":{"line":104,"column":61}}]},"11":{"line":112,"type":"binary-expr","locations":[{"start":{"line":112,"column":45},"end":{"line":112,"column":79},"skip":true},{"start":{"line":112,"column":83},"end":{"line":121,"column":9},"skip":true}]},"12":{"line":123,"type":"binary-expr","locations":[{"start":{"line":123,"column":42},"end":{"line":123,"column":73},"skip":true},{"start":{"line":123,"column":77},"end":{"line":136,"column":9},"skip":true}]},"13":{"line":138,"type":"binary-expr","locations":[{"start":{"line":138,"column":48},"end":{"line":138,"column":85},"skip":true},{"start":{"line":139,"column":12},"end":{"line":145,"column":13},"skip":true}]},"14":{"line":147,"type":"binary-expr","locations":[{"start":{"line":147,"column":42},"end":{"line":147,"column":73},"skip":true},{"start":{"line":147,"column":77},"end":{"line":156,"column":9},"skip":true}]},"15":{"line":158,"type":"binary-expr","locations":[{"start":{"line":158,"column":45},"end":{"line":158,"column":79},"skip":true},{"start":{"line":158,"column":83},"end":{"line":167,"column":9},"skip":true}]},"16":{"line":169,"type":"binary-expr","locations":[{"start":{"line":169,"column":43},"end":{"line":169,"column":75},"skip":true},{"start":{"line":169,"column":79},"end":{"line":178,"column":9},"skip":true}]},"17":{"line":180,"type":"binary-expr","locations":[{"start":{"line":180,"column":41},"end":{"line":180,"column":71},"skip":true},{"start":{"line":180,"column":75},"end":{"line":189,"column":9},"skip":true}]}},"code":["/* istanbul instrument in package npmtest_deepstream_io */","/*jslint","    bitwise: true,","    browser: true,","    maxerr: 8,","    maxlen: 96,","    node: true,","    nomen: true,","    regexp: true,","    stupid: true","*/","(function () {","    'use strict';","    var local;","","","","    // run shared js-env code - pre-init","    (function () {","        // init local","        local = {};","        // init modeJs","        local.modeJs = (function () {","            try {","                return typeof navigator.userAgent === 'string' &&","                    typeof document.querySelector('body') === 'object' &&","                    typeof XMLHttpRequest.prototype.open === 'function' &&","                    'browser';","            } catch (errorCaughtBrowser) {","                return module.exports &&","                    typeof process.versions.node === 'string' &&","                    typeof require('http').createServer === 'function' &&","                    'node';","            }","        }());","        // init global","        local.global = local.modeJs === 'browser'","            ? window","            : global;","        switch (local.modeJs) {","        // re-init local from window.local","        case 'browser':","            local = local.global.utility2.objectSetDefault(","                local.global.utility2_rollup || local.global.local,","                local.global.utility2","            );","            break;","        // re-init local from example.js","        case 'node':","            local = (local.global.utility2_rollup || require('utility2'))","                .requireExampleJsFromReadme();","            break;","        }","        // export local","        local.global.local = local;","    }());","","","","    // run shared js-env code - function","    (function () {","        return;","    }());","    switch (local.modeJs) {","","","","    // run browser js-env code - function","    case 'browser':","        break;","","","","    // run node js-env code - function","    case 'node':","        break;","    }","","","","    // run shared js-env code - post-init","    (function () {","        return;","    }());","    switch (local.modeJs) {","","","","    // run browser js-env code - post-init","    case 'browser':","        local.testCase_browser_nullCase = local.testCase_browser_nullCase || function (","            options,","            onError","        ) {","        /*","         * this function will test browsers's null-case handling-behavior-behavior","         */","            onError(null, options);","        };","","        // run tests","        local.nop(local.modeTest &&","            document.querySelector('#testRunButton1') &&","            document.querySelector('#testRunButton1').click());","        break;","","","","    // run node js-env code - post-init","    /* istanbul ignore next */","    case 'node':","        local.testCase_buildApidoc_default = local.testCase_buildApidoc_default || function (","            options,","            onError","        ) {","        /*","         * this function will test buildApidoc's default handling-behavior-behavior","         */","            options = { modulePathList: module.paths };","            local.buildApidoc(options, onError);","        };","","        local.testCase_buildApp_default = local.testCase_buildApp_default || function (","            options,","            onError","        ) {","        /*","         * this function will test buildApp's default handling-behavior-behavior","         */","            local.testCase_buildReadme_default(options, local.onErrorThrow);","            local.testCase_buildLib_default(options, local.onErrorThrow);","            local.testCase_buildTest_default(options, local.onErrorThrow);","            local.testCase_buildCustomOrg_default(options, local.onErrorThrow);","            options = [];","            local.buildApp(options, onError);","        };","","        local.testCase_buildCustomOrg_default = local.testCase_buildCustomOrg_default ||","            function (options, onError) {","            /*","             * this function will test buildCustomOrg's default handling-behavior","             */","                options = {};","                local.buildCustomOrg(options, onError);","            };","","        local.testCase_buildLib_default = local.testCase_buildLib_default || function (","            options,","            onError","        ) {","        /*","         * this function will test buildLib's default handling-behavior","         */","            options = {};","            local.buildLib(options, onError);","        };","","        local.testCase_buildReadme_default = local.testCase_buildReadme_default || function (","            options,","            onError","        ) {","        /*","         * this function will test buildReadme's default handling-behavior-behavior","         */","            options = {};","            local.buildReadme(options, onError);","        };","","        local.testCase_buildTest_default = local.testCase_buildTest_default || function (","            options,","            onError","        ) {","        /*","         * this function will test buildTest's default handling-behavior","         */","            options = {};","            local.buildTest(options, onError);","        };","","        local.testCase_webpage_default = local.testCase_webpage_default || function (","            options,","            onError","        ) {","        /*","         * this function will test webpage's default handling-behavior","         */","            options = { modeCoverageMerge: true, url: local.serverLocalHost + '?modeTest=1' };","            local.browserTest(options, onError);","        };","","        // run test-server","        local.testRunServer(local);","        break;","    }","}());",""],"l":{"12":2,"14":2,"19":2,"21":2,"23":2,"24":2,"25":2,"30":1,"37":2,"40":2,"43":1,"47":1,"50":1,"52":1,"55":2,"61":2,"62":2,"64":2,"70":1,"76":1,"82":2,"83":2,"85":2,"91":1,"98":1,"102":1,"105":1,"112":1,"119":1,"120":1,"123":1,"130":1,"131":1,"132":1,"133":1,"134":1,"135":1,"138":1,"143":2,"144":2,"147":1,"154":2,"155":2,"158":1,"165":2,"166":2,"169":1,"176":2,"177":2,"180":1,"187":1,"188":1,"192":1,"193":1}},"/home/travis/build/npmtest/node-npmtest-deepstream.io/lib.npmtest_deepstream.io.js":{"path":"/home/travis/build/npmtest/node-npmtest-deepstream.io/lib.npmtest_deepstream.io.js","s":{"1":2,"2":2,"3":2,"4":2,"5":2,"6":2,"7":2,"8":1,"9":2,"10":2,"11":2,"12":2,"13":1,"14":1,"15":1,"16":1},"b":{"1":[2,1,1,1],"2":[1,1,1,1],"3":[1,1],"4":[2,2],"5":[1,1]},"f":{"1":2,"2":2,"3":2},"fnMap":{"1":{"name":"(anonymous_1)","line":12,"loc":{"start":{"line":12,"column":1},"end":{"line":12,"column":13}}},"2":{"name":"(anonymous_2)","line":19,"loc":{"start":{"line":19,"column":5},"end":{"line":19,"column":17}}},"3":{"name":"(anonymous_3)","line":23,"loc":{"start":{"line":23,"column":24},"end":{"line":23,"column":36}}}},"statementMap":{"1":{"start":{"line":12,"column":0},"end":{"line":53,"column":5}},"2":{"start":{"line":14,"column":4},"end":{"line":14,"column":14}},"3":{"start":{"line":19,"column":4},"end":{"line":52,"column":9}},"4":{"start":{"line":21,"column":8},"end":{"line":21,"column":19}},"5":{"start":{"line":23,"column":8},"end":{"line":35,"column":13}},"6":{"start":{"line":24,"column":12},"end":{"line":34,"column":13}},"7":{"start":{"line":25,"column":16},"end":{"line":28,"column":30}},"8":{"start":{"line":30,"column":16},"end":{"line":33,"column":27}},"9":{"start":{"line":37,"column":8},"end":{"line":39,"column":21}},"10":{"start":{"line":41,"column":8},"end":{"line":41,"column":54}},"11":{"start":{"line":43,"column":8},"end":{"line":43,"column":58}},"12":{"start":{"line":45,"column":8},"end":{"line":51,"column":9}},"13":{"start":{"line":46,"column":12},"end":{"line":46,"column":64}},"14":{"start":{"line":48,"column":12},"end":{"line":48,"column":35}},"15":{"start":{"line":49,"column":12},"end":{"line":49,"column":49}},"16":{"start":{"line":50,"column":12},"end":{"line":50,"column":43}}},"branchMap":{"1":{"line":25,"type":"binary-expr","locations":[{"start":{"line":25,"column":23},"end":{"line":25,"column":62}},{"start":{"line":26,"column":20},"end":{"line":26,"column":70}},{"start":{"line":27,"column":20},"end":{"line":27,"column":71}},{"start":{"line":28,"column":20},"end":{"line":28,"column":29}}]},"2":{"line":30,"type":"binary-expr","locations":[{"start":{"line":30,"column":23},"end":{"line":30,"column":37}},{"start":{"line":31,"column":20},"end":{"line":31,"column":61}},{"start":{"line":32,"column":20},"end":{"line":32,"column":70}},{"start":{"line":33,"column":20},"end":{"line":33,"column":26}}]},"3":{"line":37,"type":"cond-expr","locations":[{"start":{"line":38,"column":14},"end":{"line":38,"column":20}},{"start":{"line":39,"column":14},"end":{"line":39,"column":20}}]},"4":{"line":41,"type":"binary-expr","locations":[{"start":{"line":41,"column":16},"end":{"line":41,"column":44}},{"start":{"line":41,"column":48},"end":{"line":41,"column":53}}]},"5":{"line":45,"type":"if","locations":[{"start":{"line":45,"column":8},"end":{"line":45,"column":8}},{"start":{"line":45,"column":8},"end":{"line":45,"column":8}}]}},"code":["/* istanbul instrument in package npmtest_deepstream_io */","/*jslint","    bitwise: true,","    browser: true,","    maxerr: 8,","    maxlen: 96,","    node: true,","    nomen: true,","    regexp: true,","    stupid: true","*/","(function () {","    'use strict';","    var local;","","","","    // run shared js-env code - pre-init","    (function () {","        // init local","        local = {};","        // init modeJs","        local.modeJs = (function () {","            try {","                return typeof navigator.userAgent === 'string' &&","                    typeof document.querySelector('body') === 'object' &&","                    typeof XMLHttpRequest.prototype.open === 'function' &&","                    'browser';","            } catch (errorCaughtBrowser) {","                return module.exports &&","                    typeof process.versions.node === 'string' &&","                    typeof require('http').createServer === 'function' &&","                    'node';","            }","        }());","        // init global","        local.global = local.modeJs === 'browser'","            ? window","            : global;","        // init utility2_rollup","        local = local.global.utility2_rollup || local;","        // init lib","        local.local = local.npmtest_deepstream_io = local;","        // init exports","        if (local.modeJs === 'browser') {","            local.global.utility2_npmtest_deepstream_io = local;","        } else {","            module.exports = local;","            module.exports.__dirname = __dirname;","            module.exports.module = module;","        }","    }());","}());",""],"l":{"12":2,"14":2,"19":2,"21":2,"23":2,"24":2,"25":2,"30":1,"37":2,"41":2,"43":2,"45":2,"46":1,"48":1,"49":1,"50":1}},"/home/travis/build/npmtest/node-npmtest-deepstream.io/example.js":{"path":"/home/travis/build/npmtest/node-npmtest-deepstream.io/example.js","s":{"1":2,"2":2,"3":2,"4":2,"5":2,"6":2,"7":2,"8":1,"9":2,"10":2,"11":2,"12":2,"13":1,"14":2,"15":2,"16":2,"17":2,"18":2,"19":0,"20":2,"21":1,"22":1,"23":1,"24":1,"25":1,"26":0,"27":0,"28":1,"29":1,"30":2,"31":0,"32":0,"33":0,"34":1,"35":2,"36":2,"37":3,"38":3,"39":3,"40":3,"41":0,"42":3,"43":3,"44":3,"45":1,"46":3,"47":1,"48":1,"49":1,"50":1,"51":1,"52":1,"53":1,"54":1,"55":1,"56":1,"57":0,"58":1,"59":6,"60":6,"61":1,"62":2,"63":0,"64":2,"65":1,"66":1,"67":0,"68":0,"69":0,"70":0,"71":0,"72":0,"73":0,"74":0,"75":0,"76":0,"77":0,"78":0,"79":0,"80":0,"81":0,"82":0,"83":0},"b":{"1":[2,1,1,1],"2":[1,1,1,1],"3":[1,1],"4":[2,2],"5":[1,1],"6":[1,1],"7":[2,0],"8":[2,1,1,1,1,1],"9":[0,2,0],"10":[1,1],"11":[2,1,1],"12":[1,0],"13":[0,2],"14":[2,0,0,0,0,0,0],"15":[0,3],"16":[3,0],"17":[1,1],"18":[0,1],"19":[1,2,0,2],"20":[1,0],"21":[1,1],"22":[0,0],"23":[0,0],"24":[0,0],"25":[0,0],"26":[0,0],"27":[0,0],"28":[0,0]},"f":{"1":2,"2":2,"3":2,"4":2,"5":2,"6":2,"7":3,"8":3,"9":3,"10":1,"11":6,"12":0},"fnMap":{"1":{"name":"(anonymous_1)","line":26,"loc":{"start":{"line":26,"column":1},"end":{"line":26,"column":13}}},"2":{"name":"(anonymous_2)","line":33,"loc":{"start":{"line":33,"column":5},"end":{"line":33,"column":17}}},"3":{"name":"(anonymous_3)","line":37,"loc":{"start":{"line":37,"column":24},"end":{"line":37,"column":36}}},"4":{"name":"(anonymous_4)","line":69,"loc":{"start":{"line":69,"column":31},"end":{"line":69,"column":48}},"skip":true},"5":{"name":"(anonymous_5)","line":78,"loc":{"start":{"line":78,"column":26},"end":{"line":78,"column":45}},"skip":true},"6":{"name":"(anonymous_6)","line":123,"loc":{"start":{"line":123,"column":33},"end":{"line":123,"column":48}},"skip":true},"7":{"name":"(anonymous_7)","line":125,"loc":{"start":{"line":125,"column":27},"end":{"line":125,"column":39}},"skip":true},"8":{"name":"(anonymous_8)","line":133,"loc":{"start":{"line":133,"column":59},"end":{"line":133,"column":74}},"skip":true},"9":{"name":"(anonymous_9)","line":143,"loc":{"start":{"line":143,"column":45},"end":{"line":143,"column":62}},"skip":true},"10":{"name":"(anonymous_10)","line":144,"loc":{"start":{"line":144,"column":73},"end":{"line":144,"column":92}},"skip":true},"11":{"name":"(anonymous_11)","line":272,"loc":{"start":{"line":272,"column":51},"end":{"line":272,"column":77}},"skip":true},"12":{"name":"(anonymous_12)","line":315,"loc":{"start":{"line":315,"column":32},"end":{"line":315,"column":61}},"skip":true}},"statementMap":{"1":{"start":{"line":26,"column":0},"end":{"line":326,"column":5}},"2":{"start":{"line":28,"column":4},"end":{"line":28,"column":14}},"3":{"start":{"line":33,"column":4},"end":{"line":60,"column":9}},"4":{"start":{"line":35,"column":8},"end":{"line":35,"column":19}},"5":{"start":{"line":37,"column":8},"end":{"line":49,"column":13}},"6":{"start":{"line":38,"column":12},"end":{"line":48,"column":13}},"7":{"start":{"line":39,"column":16},"end":{"line":42,"column":30}},"8":{"start":{"line":44,"column":16},"end":{"line":47,"column":27}},"9":{"start":{"line":51,"column":8},"end":{"line":53,"column":21}},"10":{"start":{"line":55,"column":8},"end":{"line":57,"column":45}},"11":{"start":{"line":59,"column":8},"end":{"line":59,"column":35}},"12":{"start":{"line":61,"column":4},"end":{"line":325,"column":5}},"13":{"start":{"line":69,"column":8},"end":{"line":121,"column":10},"skip":true},"14":{"start":{"line":70,"column":12},"end":{"line":88,"column":13},"skip":true},"15":{"start":{"line":76,"column":16},"end":{"line":87,"column":19},"skip":true},"16":{"start":{"line":79,"column":20},"end":{"line":86,"column":21},"skip":true},"17":{"start":{"line":82,"column":24},"end":{"line":82,"column":43},"skip":true},"18":{"start":{"line":83,"column":24},"end":{"line":83,"column":30},"skip":true},"19":{"start":{"line":85,"column":24},"end":{"line":85,"column":49},"skip":true},"20":{"start":{"line":89,"column":12},"end":{"line":107,"column":13},"skip":true},"21":{"start":{"line":92,"column":16},"end":{"line":102,"column":17},"skip":true},"22":{"start":{"line":93,"column":20},"end":{"line":93,"column":86},"skip":true},"23":{"start":{"line":94,"column":20},"end":{"line":95,"column":45},"skip":true},"24":{"start":{"line":96,"column":20},"end":{"line":96,"column":42},"skip":true},"25":{"start":{"line":97,"column":20},"end":{"line":97,"column":48},"skip":true},"26":{"start":{"line":100,"column":20},"end":{"line":100,"column":85},"skip":true},"27":{"start":{"line":101,"column":20},"end":{"line":101,"column":96},"skip":true},"28":{"start":{"line":103,"column":16},"end":{"line":103,"column":22},"skip":true},"29":{"start":{"line":106,"column":16},"end":{"line":106,"column":22},"skip":true},"30":{"start":{"line":108,"column":12},"end":{"line":120,"column":13},"skip":true},"31":{"start":{"line":114,"column":16},"end":{"line":119,"column":17},"skip":true},"32":{"start":{"line":116,"column":20},"end":{"line":116,"column":78},"skip":true},"33":{"start":{"line":118,"column":20},"end":{"line":118,"column":47},"skip":true},"34":{"start":{"line":123,"column":8},"end":{"line":141,"column":11},"skip":true},"35":{"start":{"line":124,"column":12},"end":{"line":124,"column":54},"skip":true},"36":{"start":{"line":125,"column":12},"end":{"line":140,"column":14},"skip":true},"37":{"start":{"line":126,"column":16},"end":{"line":126,"column":28},"skip":true},"38":{"start":{"line":127,"column":16},"end":{"line":127,"column":69},"skip":true},"39":{"start":{"line":128,"column":16},"end":{"line":128,"column":75},"skip":true},"40":{"start":{"line":129,"column":16},"end":{"line":131,"column":17},"skip":true},"41":{"start":{"line":130,"column":20},"end":{"line":130,"column":27},"skip":true},"42":{"start":{"line":133,"column":16},"end":{"line":137,"column":36},"skip":true},"43":{"start":{"line":134,"column":20},"end":{"line":136,"column":55},"skip":true},"44":{"start":{"line":139,"column":16},"end":{"line":139,"column":57},"skip":true},"45":{"start":{"line":143,"column":8},"end":{"line":147,"column":11},"skip":true},"46":{"start":{"line":144,"column":12},"end":{"line":146,"column":15},"skip":true},"47":{"start":{"line":145,"column":16},"end":{"line":145,"column":70},"skip":true},"48":{"start":{"line":149,"column":8},"end":{"line":149,"column":31},"skip":true},"49":{"start":{"line":150,"column":8},"end":{"line":150,"column":14},"skip":true},"50":{"start":{"line":158,"column":8},"end":{"line":158,"column":31},"skip":true},"51":{"start":{"line":160,"column":8},"end":{"line":160,"column":33},"skip":true},"52":{"start":{"line":161,"column":8},"end":{"line":161,"column":37},"skip":true},"53":{"start":{"line":162,"column":8},"end":{"line":162,"column":35},"skip":true},"54":{"start":{"line":164,"column":8},"end":{"line":164,"column":50},"skip":true},"55":{"start":{"line":166,"column":8},"end":{"line":256,"column":2},"skip":true},"56":{"start":{"line":258,"column":8},"end":{"line":286,"column":9},"skip":true},"57":{"start":{"line":259,"column":12},"end":{"line":269,"column":14},"skip":true},"58":{"start":{"line":271,"column":12},"end":{"line":285,"column":19},"skip":true},"59":{"start":{"line":274,"column":20},"end":{"line":274,"column":35},"skip":true},"60":{"start":{"line":275,"column":20},"end":{"line":284,"column":21},"skip":true},"61":{"start":{"line":277,"column":24},"end":{"line":277,"column":64},"skip":true},"62":{"start":{"line":279,"column":24},"end":{"line":279,"column":40},"skip":true},"63":{"start":{"line":281,"column":24},"end":{"line":281,"column":40},"skip":true},"64":{"start":{"line":283,"column":24},"end":{"line":283,"column":39},"skip":true},"65":{"start":{"line":288,"column":8},"end":{"line":290,"column":9},"skip":true},"66":{"start":{"line":289,"column":12},"end":{"line":289,"column":18},"skip":true},"67":{"start":{"line":291,"column":8},"end":{"line":293,"column":54},"skip":true},"68":{"start":{"line":296,"column":8},"end":{"line":301,"column":37},"skip":true},"69":{"start":{"line":303,"column":8},"end":{"line":303,"column":82},"skip":true},"70":{"start":{"line":306,"column":8},"end":{"line":308,"column":9},"skip":true},"71":{"start":{"line":307,"column":12},"end":{"line":307,"column":82},"skip":true},"72":{"start":{"line":310,"column":8},"end":{"line":312,"column":9},"skip":true},"73":{"start":{"line":311,"column":12},"end":{"line":311,"column":18},"skip":true},"74":{"start":{"line":313,"column":8},"end":{"line":313,"column":54},"skip":true},"75":{"start":{"line":314,"column":8},"end":{"line":314,"column":69},"skip":true},"76":{"start":{"line":315,"column":8},"end":{"line":323,"column":36},"skip":true},"77":{"start":{"line":316,"column":12},"end":{"line":316,"column":61},"skip":true},"78":{"start":{"line":317,"column":12},"end":{"line":320,"column":13},"skip":true},"79":{"start":{"line":318,"column":16},"end":{"line":318,"column":75},"skip":true},"80":{"start":{"line":319,"column":16},"end":{"line":319,"column":23},"skip":true},"81":{"start":{"line":321,"column":12},"end":{"line":321,"column":38},"skip":true},"82":{"start":{"line":322,"column":12},"end":{"line":322,"column":27},"skip":true},"83":{"start":{"line":324,"column":8},"end":{"line":324,"column":14},"skip":true}},"branchMap":{"1":{"line":39,"type":"binary-expr","locations":[{"start":{"line":39,"column":23},"end":{"line":39,"column":62}},{"start":{"line":40,"column":20},"end":{"line":40,"column":70}},{"start":{"line":41,"column":20},"end":{"line":41,"column":71}},{"start":{"line":42,"column":20},"end":{"line":42,"column":29}}]},"2":{"line":44,"type":"binary-expr","locations":[{"start":{"line":44,"column":23},"end":{"line":44,"column":37}},{"start":{"line":45,"column":20},"end":{"line":45,"column":61}},{"start":{"line":46,"column":20},"end":{"line":46,"column":70}},{"start":{"line":47,"column":20},"end":{"line":47,"column":26}}]},"3":{"line":51,"type":"cond-expr","locations":[{"start":{"line":52,"column":14},"end":{"line":52,"column":20}},{"start":{"line":53,"column":14},"end":{"line":53,"column":20}}]},"4":{"line":55,"type":"binary-expr","locations":[{"start":{"line":55,"column":16},"end":{"line":55,"column":44}},{"start":{"line":55,"column":49},"end":{"line":57,"column":43}}]},"5":{"line":55,"type":"cond-expr","locations":[{"start":{"line":56,"column":14},"end":{"line":56,"column":57}},{"start":{"line":57,"column":14},"end":{"line":57,"column":43}}]},"6":{"line":61,"type":"switch","locations":[{"start":{"line":68,"column":4},"end":{"line":150,"column":14},"skip":true},{"start":{"line":156,"column":4},"end":{"line":324,"column":14},"skip":true}]},"7":{"line":70,"type":"if","locations":[{"start":{"line":70,"column":12},"end":{"line":70,"column":12},"skip":true},{"start":{"line":70,"column":12},"end":{"line":70,"column":12},"skip":true}]},"8":{"line":70,"type":"binary-expr","locations":[{"start":{"line":70,"column":16},"end":{"line":70,"column":22},"skip":true},{"start":{"line":70,"column":27},"end":{"line":70,"column":32},"skip":true},{"start":{"line":71,"column":20},"end":{"line":71,"column":39},"skip":true},{"start":{"line":72,"column":20},"end":{"line":72,"column":49},"skip":true},{"start":{"line":73,"column":20},"end":{"line":73,"column":58},"skip":true},{"start":{"line":74,"column":20},"end":{"line":74,"column":69},"skip":true}]},"9":{"line":79,"type":"switch","locations":[{"start":{"line":80,"column":20},"end":{"line":80,"column":33},"skip":true},{"start":{"line":81,"column":20},"end":{"line":83,"column":30},"skip":true},{"start":{"line":84,"column":20},"end":{"line":85,"column":49},"skip":true}]},"10":{"line":89,"type":"switch","locations":[{"start":{"line":90,"column":12},"end":{"line":103,"column":22},"skip":true},{"start":{"line":105,"column":12},"end":{"line":106,"column":22},"skip":true}]},"11":{"line":89,"type":"binary-expr","locations":[{"start":{"line":89,"column":20},"end":{"line":89,"column":25},"skip":true},{"start":{"line":89,"column":29},"end":{"line":89,"column":48},"skip":true},{"start":{"line":89,"column":52},"end":{"line":89,"column":74},"skip":true}]},"12":{"line":92,"type":"if","locations":[{"start":{"line":92,"column":16},"end":{"line":92,"column":16},"skip":true},{"start":{"line":92,"column":16},"end":{"line":92,"column":16},"skip":true}]},"13":{"line":108,"type":"if","locations":[{"start":{"line":108,"column":12},"end":{"line":108,"column":12},"skip":true},{"start":{"line":108,"column":12},"end":{"line":108,"column":12},"skip":true}]},"14":{"line":108,"type":"binary-expr","locations":[{"start":{"line":108,"column":16},"end":{"line":108,"column":61},"skip":true},{"start":{"line":108,"column":66},"end":{"line":108,"column":72},"skip":true},{"start":{"line":108,"column":77},"end":{"line":108,"column":82},"skip":true},{"start":{"line":109,"column":20},"end":{"line":109,"column":39},"skip":true},{"start":{"line":110,"column":20},"end":{"line":110,"column":49},"skip":true},{"start":{"line":111,"column":20},"end":{"line":111,"column":58},"skip":true},{"start":{"line":112,"column":20},"end":{"line":112,"column":68},"skip":true}]},"15":{"line":129,"type":"if","locations":[{"start":{"line":129,"column":16},"end":{"line":129,"column":16},"skip":true},{"start":{"line":129,"column":16},"end":{"line":129,"column":16},"skip":true}]},"16":{"line":134,"type":"cond-expr","locations":[{"start":{"line":135,"column":26},"end":{"line":135,"column":29},"skip":true},{"start":{"line":136,"column":26},"end":{"line":136,"column":54},"skip":true}]},"17":{"line":164,"type":"binary-expr","locations":[{"start":{"line":164,"column":27},"end":{"line":164,"column":43},"skip":true},{"start":{"line":164,"column":47},"end":{"line":164,"column":49},"skip":true}]},"18":{"line":258,"type":"if","locations":[{"start":{"line":258,"column":8},"end":{"line":258,"column":8},"skip":true},{"start":{"line":258,"column":8},"end":{"line":258,"column":8},"skip":true}]},"19":{"line":275,"type":"switch","locations":[{"start":{"line":276,"column":20},"end":{"line":277,"column":64},"skip":true},{"start":{"line":278,"column":20},"end":{"line":279,"column":40},"skip":true},{"start":{"line":280,"column":20},"end":{"line":281,"column":40},"skip":true},{"start":{"line":282,"column":20},"end":{"line":283,"column":39},"skip":true}]},"20":{"line":288,"type":"if","locations":[{"start":{"line":288,"column":8},"end":{"line":288,"column":8},"skip":true},{"start":{"line":288,"column":8},"end":{"line":288,"column":8},"skip":true}]},"21":{"line":288,"type":"binary-expr","locations":[{"start":{"line":288,"column":12},"end":{"line":288,"column":40},"skip":true},{"start":{"line":288,"column":44},"end":{"line":288,"column":67},"skip":true}]},"22":{"line":292,"type":"binary-expr","locations":[{"start":{"line":292,"column":12},"end":{"line":292,"column":50},"skip":true},{"start":{"line":293,"column":12},"end":{"line":293,"column":53},"skip":true}]},"23":{"line":297,"type":"binary-expr","locations":[{"start":{"line":297,"column":12},"end":{"line":297,"column":71},"skip":true},{"start":{"line":298,"column":12},"end":{"line":301,"column":36},"skip":true}]},"24":{"line":303,"type":"binary-expr","locations":[{"start":{"line":303,"column":43},"end":{"line":303,"column":75},"skip":true},{"start":{"line":303,"column":79},"end":{"line":303,"column":81},"skip":true}]},"25":{"line":306,"type":"if","locations":[{"start":{"line":306,"column":8},"end":{"line":306,"column":8},"skip":true},{"start":{"line":306,"column":8},"end":{"line":306,"column":8},"skip":true}]},"26":{"line":310,"type":"if","locations":[{"start":{"line":310,"column":8},"end":{"line":310,"column":8},"skip":true},{"start":{"line":310,"column":8},"end":{"line":310,"column":8},"skip":true}]},"27":{"line":313,"type":"binary-expr","locations":[{"start":{"line":313,"column":27},"end":{"line":313,"column":43},"skip":true},{"start":{"line":313,"column":47},"end":{"line":313,"column":53},"skip":true}]},"28":{"line":317,"type":"if","locations":[{"start":{"line":317,"column":12},"end":{"line":317,"column":12},"skip":true},{"start":{"line":317,"column":12},"end":{"line":317,"column":12},"skip":true}]}},"code":["/*","example.js","","quickstart example","","instruction","    1. save this script as example.js","    2. run the shell command:","        $ npm install npmtest-deepstream.io && PORT=8081 node example.js","    3. play with the browser-demo on http://127.0.0.1:8081","*/","","","","/* istanbul instrument in package npmtest_deepstream_io */","/*jslint","    bitwise: true,","    browser: true,","    maxerr: 8,","    maxlen: 96,","    node: true,","    nomen: true,","    regexp: true,","    stupid: true","*/","(function () {","    'use strict';","    var local;","","","","    // run shared js-env code - pre-init","    (function () {","        // init local","        local = {};","        // init modeJs","        local.modeJs = (function () {","            try {","                return typeof navigator.userAgent === 'string' &&","                    typeof document.querySelector('body') === 'object' &&","                    typeof XMLHttpRequest.prototype.open === 'function' &&","                    'browser';","            } catch (errorCaughtBrowser) {","                return module.exports &&","                    typeof process.versions.node === 'string' &&","                    typeof require('http').createServer === 'function' &&","                    'node';","            }","        }());","        // init global","        local.global = local.modeJs === 'browser'","            ? window","            : global;","        // init utility2_rollup","        local = local.global.utility2_rollup || (local.modeJs === 'browser'","            ? local.global.utility2_npmtest_deepstream_io","            : global.utility2_moduleExports);","        // export local","        local.global.local = local;","    }());","    switch (local.modeJs) {","","","","    // post-init","    // run browser js-env code - post-init","    /* istanbul ignore next */","    case 'browser':","        local.testRunBrowser = function (event) {","            if (!event || (event &&","                    event.currentTarget &&","                    event.currentTarget.className &&","                    event.currentTarget.className.includes &&","                    event.currentTarget.className.includes('onreset'))) {","                // reset output","                Array.from(","                    document.querySelectorAll('body > .resettable')","                ).forEach(function (element) {","                    switch (element.tagName) {","                    case 'INPUT':","                    case 'TEXTAREA':","                        element.value = '';","                        break;","                    default:","                        element.textContent = '';","                    }","                });","            }","            switch (event && event.currentTarget && event.currentTarget.id) {","            case 'testRunButton1':","                // show tests","                if (document.querySelector('#testReportDiv1').style.display === 'none') {","                    document.querySelector('#testReportDiv1').style.display = 'block';","                    document.querySelector('#testRunButton1').textContent =","                        'hide internal test';","                    local.modeTest = true;","                    local.testRunDefault(local);","                // hide tests","                } else {","                    document.querySelector('#testReportDiv1').style.display = 'none';","                    document.querySelector('#testRunButton1').textContent = 'run internal test';","                }","                break;","            // custom-case","            default:","                break;","            }","            if (document.querySelector('#inputTextareaEval1') && (!event || (event &&","                    event.currentTarget &&","                    event.currentTarget.className &&","                    event.currentTarget.className.includes &&","                    event.currentTarget.className.includes('oneval')))) {","                // try to eval input-code","                try {","                    /*jslint evil: true*/","                    eval(document.querySelector('#inputTextareaEval1').value);","                } catch (errorCaught) {","                    console.error(errorCaught);","                }","            }","        };","        // log stderr and stdout to #outputTextareaStdout1","        ['error', 'log'].forEach(function (key) {","            console[key + '_original'] = console[key];","            console[key] = function () {","                var element;","                console[key + '_original'].apply(console, arguments);","                element = document.querySelector('#outputTextareaStdout1');","                if (!element) {","                    return;","                }","                // append text to #outputTextareaStdout1","                element.value += Array.from(arguments).map(function (arg) {","                    return typeof arg === 'string'","                        ? arg","                        : JSON.stringify(arg, null, 4);","                }).join(' ') + '\\n';","                // scroll textarea to bottom","                element.scrollTop = element.scrollHeight;","            };","        });","        // init event-handling","        ['change', 'click', 'keyup'].forEach(function (event) {","            Array.from(document.querySelectorAll('.on' + event)).forEach(function (element) {","                element.addEventListener(event, local.testRunBrowser);","            });","        });","        // run tests","        local.testRunBrowser();","        break;","","","","    // run node js-env code - post-init","    /* istanbul ignore next */","    case 'node':","        // export local","        module.exports = local;","        // require modules","        local.fs = require('fs');","        local.http = require('http');","        local.url = require('url');","        // init assets","        local.assetsDict = local.assetsDict || {};","        /* jslint-ignore-begin */","        local.assetsDict['/assets.index.template.html'] = '\\","<!doctype html>\\n\\","<html lang=\"en\">\\n\\","<head>\\n\\","<meta charset=\"UTF-8\">\\n\\","<meta name=\"viewport\" content=\"width=device-width, initial-scale=1\">\\n\\","<title>{{env.npm_package_name}} (v{{env.npm_package_version}})</title>\\n\\","<style>\\n\\","/*csslint\\n\\","    box-sizing: false,\\n\\","    universal-selector: false\\n\\","*/\\n\\","* {\\n\\","    box-sizing: border-box;\\n\\","}\\n\\","body {\\n\\","    background: #dde;\\n\\","    font-family: Arial, Helvetica, sans-serif;\\n\\","    margin: 2rem;\\n\\","}\\n\\","body > * {\\n\\","    margin-bottom: 1rem;\\n\\","}\\n\\",".utility2FooterDiv {\\n\\","    margin-top: 20px;\\n\\","    text-align: center;\\n\\","}\\n\\","</style>\\n\\","<style>\\n\\","/*csslint\\n\\","*/\\n\\","textarea {\\n\\","    font-family: monospace;\\n\\","    height: 10rem;\\n\\","    width: 100%;\\n\\","}\\n\\","textarea[readonly] {\\n\\","    background: #ddd;\\n\\","}\\n\\","</style>\\n\\","</head>\\n\\","<body>\\n\\","<!-- utility2-comment\\n\\","<div id=\"ajaxProgressDiv1\" style=\"background: #d00; height: 2px; left: 0; margin: 0; padding: 0; position: fixed; top: 0; transition: background 0.5s, width 1.5s; width: 25%;\"></div>\\n\\","utility2-comment -->\\n\\","<h1>\\n\\","<!-- utility2-comment\\n\\","    <a\\n\\","        {{#if env.npm_package_homepage}}\\n\\","        href=\"{{env.npm_package_homepage}}\"\\n\\","        {{/if env.npm_package_homepage}}\\n\\","        target=\"_blank\"\\n\\","    >\\n\\","utility2-comment -->\\n\\","        {{env.npm_package_name}} (v{{env.npm_package_version}})\\n\\","<!-- utility2-comment\\n\\","    </a>\\n\\","utility2-comment -->\\n\\","</h1>\\n\\","<h3>{{env.npm_package_description}}</h3>\\n\\","<!-- utility2-comment\\n\\","<h4><a download href=\"assets.app.js\">download standalone app</a></h4>\\n\\","<button class=\"onclick onreset\" id=\"testRunButton1\">run internal test</button><br>\\n\\","<div id=\"testReportDiv1\" style=\"display: none;\"></div>\\n\\","utility2-comment -->\\n\\","\\n\\","\\n\\","\\n\\","<label>stderr and stdout</label>\\n\\","<textarea class=\"resettable\" id=\"outputTextareaStdout1\" readonly></textarea>\\n\\","<!-- utility2-comment\\n\\","{{#if isRollup}}\\n\\","<script src=\"assets.app.js\"></script>\\n\\","{{#unless isRollup}}\\n\\","utility2-comment -->\\n\\","<script src=\"assets.utility2.rollup.js\"></script>\\n\\","<script src=\"jsonp.utility2._stateInit?callback=window.utility2._stateInit\"></script>\\n\\","<script src=\"assets.npmtest_deepstream_io.rollup.js\"></script>\\n\\","<script src=\"assets.example.js\"></script>\\n\\","<script src=\"assets.test.js\"></script>\\n\\","<!-- utility2-comment\\n\\","{{/if isRollup}}\\n\\","utility2-comment -->\\n\\","<div class=\"utility2FooterDiv\">\\n\\","    [ this app was created with\\n\\","    <a href=\"https://github.com/kaizhu256/node-utility2\" target=\"_blank\">utility2</a>\\n\\","    ]\\n\\","</div>\\n\\","</body>\\n\\","</html>\\n\\","';","        /* jslint-ignore-end */","        if (local.templateRender) {","            local.assetsDict['/'] = local.templateRender(","                local.assetsDict['/assets.index.template.html'],","                {","                    env: local.objectSetDefault(local.env, {","                        npm_package_description: 'the greatest app in the world!',","                        npm_package_name: 'my-app',","                        npm_package_nameAlias: 'my_app',","                        npm_package_version: '0.0.1'","                    })","                }","            );","        } else {","            local.assetsDict['/'] = local.assetsDict['/assets.index.template.html']","                .replace((/\\{\\{env\\.(\\w+?)\\}\\}/g), function (match0, match1) {","                    // jslint-hack","                    String(match0);","                    switch (match1) {","                    case 'npm_package_description':","                        return 'the greatest app in the world!';","                    case 'npm_package_name':","                        return 'my-app';","                    case 'npm_package_nameAlias':","                        return 'my_app';","                    case 'npm_package_version':","                        return '0.0.1';","                    }","                });","        }","        // run the cli","        if (local.global.utility2_rollup || module !== require.main) {","            break;","        }","        local.assetsDict['/assets.example.js'] =","            local.assetsDict['/assets.example.js'] ||","            local.fs.readFileSync(__filename, 'utf8');","        // bug-workaround - long $npm_package_buildCustomOrg","        /* jslint-ignore-begin */","        local.assetsDict['/assets.npmtest_deepstream_io.rollup.js'] =","            local.assetsDict['/assets.npmtest_deepstream_io.rollup.js'] ||","            local.fs.readFileSync(","                local.npmtest_deepstream_io.__dirname + '/lib.npmtest_deepstream_io.js',","                'utf8'","            ).replace((/^#!/), '//');","        /* jslint-ignore-end */","        local.assetsDict['/favicon.ico'] = local.assetsDict['/favicon.ico'] || '';","        // if $npm_config_timeout_exit exists,","        // then exit this process after $npm_config_timeout_exit ms","        if (Number(process.env.npm_config_timeout_exit)) {","            setTimeout(process.exit, Number(process.env.npm_config_timeout_exit));","        }","        // start server","        if (local.global.utility2_serverHttp1) {","            break;","        }","        process.env.PORT = process.env.PORT || '8081';","        console.error('server starting on port ' + process.env.PORT);","        local.http.createServer(function (request, response) {","            request.urlParsed = local.url.parse(request.url);","            if (local.assetsDict[request.urlParsed.pathname] !== undefined) {","                response.end(local.assetsDict[request.urlParsed.pathname]);","                return;","            }","            response.statusCode = 404;","            response.end();","        }).listen(process.env.PORT);","        break;","    }","}());",""],"l":{"26":2,"28":2,"33":2,"35":2,"37":2,"38":2,"39":2,"44":1,"51":2,"55":2,"59":2,"61":2,"69":1,"70":2,"76":2,"79":2,"82":2,"83":2,"85":1,"89":2,"92":1,"93":1,"94":1,"96":1,"97":1,"100":1,"101":1,"103":1,"106":1,"108":2,"114":1,"116":1,"118":1,"123":1,"124":2,"125":2,"126":3,"127":3,"128":3,"129":3,"130":1,"133":3,"134":3,"139":3,"143":1,"144":3,"145":1,"149":1,"150":1,"158":1,"160":1,"161":1,"162":1,"164":1,"166":1,"258":1,"259":1,"271":1,"274":6,"275":6,"277":1,"279":2,"281":1,"283":2,"288":1,"289":1,"291":1,"296":1,"303":1,"306":1,"307":1,"310":1,"311":1,"313":1,"314":1,"315":1,"316":1,"317":1,"318":1,"319":1,"321":1,"322":1,"324":1}},"/home/travis/build/npmtest/node-npmtest-deepstream.io/node_modules/deepstream.io/src/deepstream.io.js":{"path":"/home/travis/build/npmtest/node-npmtest-deepstream.io/node_modules/deepstream.io/src/deepstream.io.js","s":{"1":1,"2":1,"3":1,"4":1,"5":1,"6":1,"7":1,"8":1,"9":1,"10":1,"11":1,"12":1,"13":1,"14":1,"15":1,"16":1,"17":1,"18":1,"19":1,"20":1,"21":1,"22":1,"23":1,"24":1,"25":1,"26":0,"27":0,"28":0,"29":0,"30":0,"31":0,"32":0,"33":0,"34":0,"35":0,"36":1,"37":1,"38":1,"39":1,"40":1,"41":0,"42":0,"43":0,"44":0,"45":0,"46":0,"47":1,"48":0,"49":1,"50":0,"51":0,"52":0,"53":0,"54":0,"55":0,"56":1,"57":0,"58":0,"59":0,"60":0,"61":0,"62":0,"63":0,"64":0,"65":0,"66":0,"67":0,"68":1,"69":0,"70":0,"71":0,"72":0,"73":0,"74":0,"75":0,"76":0,"77":0,"78":0,"79":0,"80":0,"81":0,"82":0,"83":0,"84":0,"85":0,"86":1,"87":0,"88":1,"89":0,"90":0,"91":0,"92":0,"93":0,"94":0,"95":0,"96":1,"97":0,"98":0,"99":1,"100":0,"101":0,"102":0,"103":0,"104":0,"105":0,"106":0,"107":0,"108":0,"109":1,"110":0,"111":0,"112":0,"113":0,"114":0,"115":0,"116":0,"117":0,"118":0,"119":0,"120":0,"121":0,"122":0,"123":0,"124":0,"125":0,"126":0,"127":0,"128":0,"129":1,"130":0,"131":0,"132":0,"133":0,"134":0,"135":0,"136":0,"137":1,"138":0,"139":0,"140":0,"141":1,"142":0,"143":0,"144":1},"b":{"1":[0,0],"2":[0,0],"3":[0,0],"4":[0,0],"5":[0,0],"6":[0,0],"7":[0,0],"8":[0,0],"9":[0,0],"10":[0,0],"11":[0,0],"12":[0,0],"13":[0,0],"14":[0,0],"15":[0,0]},"f":{"1":0,"2":0,"3":0,"4":0,"5":0,"6":0,"7":0,"8":0,"9":0,"10":0,"11":0,"12":0,"13":0,"14":0},"fnMap":{"1":{"name":"(anonymous_1)","line":41,"loc":{"start":{"line":41,"column":19},"end":{"line":41,"column":37}}},"2":{"name":"(anonymous_2)","line":96,"loc":{"start":{"line":96,"column":27},"end":{"line":96,"column":49}}},"3":{"name":"(anonymous_3)","line":115,"loc":{"start":{"line":115,"column":33},"end":{"line":115,"column":45}}},"4":{"name":"(anonymous_4)","line":130,"loc":{"start":{"line":130,"column":29},"end":{"line":130,"column":41}}},"5":{"name":"(anonymous_5)","line":148,"loc":{"start":{"line":148,"column":30},"end":{"line":148,"column":42}}},"6":{"name":"(anonymous_6)","line":177,"loc":{"start":{"line":177,"column":28},"end":{"line":177,"column":40}}},"7":{"name":"(anonymous_7)","line":214,"loc":{"start":{"line":214,"column":36},"end":{"line":214,"column":53}}},"8":{"name":"(anonymous_8)","line":228,"loc":{"start":{"line":228,"column":35},"end":{"line":228,"column":53}}},"9":{"name":"(anonymous_9)","line":246,"loc":{"start":{"line":246,"column":34},"end":{"line":246,"column":46}}},"10":{"name":"(anonymous_10)","line":258,"loc":{"start":{"line":258,"column":38},"end":{"line":258,"column":50}}},"11":{"name":"(anonymous_11)","line":285,"loc":{"start":{"line":285,"column":29},"end":{"line":285,"column":41}}},"12":{"name":"(anonymous_12)","line":336,"loc":{"start":{"line":336,"column":35},"end":{"line":336,"column":65}}},"13":{"name":"(anonymous_13)","line":358,"loc":{"start":{"line":358,"column":34},"end":{"line":358,"column":46}}},"14":{"name":"(anonymous_14)","line":374,"loc":{"start":{"line":374,"column":38},"end":{"line":374,"column":67}}}},"statementMap":{"1":{"start":{"line":3,"column":0},"end":{"line":3,"column":67}},"2":{"start":{"line":4,"column":0},"end":{"line":4,"column":63}},"3":{"start":{"line":5,"column":0},"end":{"line":5,"column":67}},"4":{"start":{"line":6,"column":0},"end":{"line":6,"column":53}},"5":{"start":{"line":7,"column":0},"end":{"line":7,"column":57}},"6":{"start":{"line":8,"column":0},"end":{"line":8,"column":51}},"7":{"start":{"line":9,"column":0},"end":{"line":9,"column":24}},"8":{"start":{"line":10,"column":0},"end":{"line":10,"column":28}},"9":{"start":{"line":11,"column":0},"end":{"line":11,"column":28}},"10":{"start":{"line":12,"column":0},"end":{"line":12,"column":38}},"11":{"start":{"line":13,"column":0},"end":{"line":13,"column":51}},"12":{"start":{"line":14,"column":0},"end":{"line":14,"column":64}},"13":{"start":{"line":15,"column":0},"end":{"line":15,"column":55}},"14":{"start":{"line":16,"column":0},"end":{"line":16,"column":47}},"15":{"start":{"line":17,"column":0},"end":{"line":17,"column":56}},"16":{"start":{"line":18,"column":0},"end":{"line":18,"column":62}},"17":{"start":{"line":19,"column":0},"end":{"line":19,"column":71}},"18":{"start":{"line":20,"column":0},"end":{"line":20,"column":61}},"19":{"start":{"line":21,"column":0},"end":{"line":21,"column":73}},"20":{"start":{"line":22,"column":0},"end":{"line":22,"column":42}},"21":{"start":{"line":23,"column":0},"end":{"line":23,"column":38}},"22":{"start":{"line":25,"column":0},"end":{"line":25,"column":51}},"23":{"start":{"line":26,"column":0},"end":{"line":26,"column":29}},"24":{"start":{"line":28,"column":0},"end":{"line":28,"column":23}},"25":{"start":{"line":41,"column":0},"end":{"line":58,"column":1}},"26":{"start":{"line":42,"column":2},"end":{"line":42,"column":36}},"27":{"start":{"line":43,"column":2},"end":{"line":43,"column":20}},"28":{"start":{"line":44,"column":2},"end":{"line":44,"column":26}},"29":{"start":{"line":45,"column":2},"end":{"line":45,"column":33}},"30":{"start":{"line":46,"column":2},"end":{"line":46,"column":31}},"31":{"start":{"line":47,"column":2},"end":{"line":47,"column":33}},"32":{"start":{"line":48,"column":2},"end":{"line":48,"column":27}},"33":{"start":{"line":49,"column":2},"end":{"line":49,"column":25}},"34":{"start":{"line":50,"column":2},"end":{"line":50,"column":28}},"35":{"start":{"line":51,"column":2},"end":{"line":57,"column":3}},"36":{"start":{"line":60,"column":0},"end":{"line":60,"column":39}},"37":{"start":{"line":67,"column":0},"end":{"line":67,"column":35}},"38":{"start":{"line":75,"column":0},"end":{"line":75,"column":24}},"39":{"start":{"line":84,"column":0},"end":{"line":84,"column":36}},"40":{"start":{"line":96,"column":0},"end":{"line":107,"column":1}},"41":{"start":{"line":97,"column":2},"end":{"line":99,"column":3}},"42":{"start":{"line":98,"column":4},"end":{"line":98,"column":28}},"43":{"start":{"line":101,"column":2},"end":{"line":103,"column":3}},"44":{"start":{"line":102,"column":4},"end":{"line":102,"column":46}},"45":{"start":{"line":105,"column":2},"end":{"line":105,"column":28}},"46":{"start":{"line":106,"column":2},"end":{"line":106,"column":13}},"47":{"start":{"line":115,"column":0},"end":{"line":117,"column":1}},"48":{"start":{"line":116,"column":2},"end":{"line":116,"column":49}},"49":{"start":{"line":130,"column":0},"end":{"line":138,"column":1}},"50":{"start":{"line":131,"column":2},"end":{"line":133,"column":3}},"51":{"start":{"line":132,"column":4},"end":{"line":132,"column":104}},"52":{"start":{"line":134,"column":2},"end":{"line":134,"column":38}},"53":{"start":{"line":135,"column":2},"end":{"line":135,"column":23}},"54":{"start":{"line":136,"column":2},"end":{"line":136,"column":78}},"55":{"start":{"line":137,"column":2},"end":{"line":137,"column":57}},"56":{"start":{"line":148,"column":0},"end":{"line":168,"column":1}},"57":{"start":{"line":149,"column":2},"end":{"line":149,"column":96}},"58":{"start":{"line":152,"column":2},"end":{"line":154,"column":3}},"59":{"start":{"line":153,"column":4},"end":{"line":153,"column":114}},"60":{"start":{"line":156,"column":2},"end":{"line":158,"column":3}},"61":{"start":{"line":157,"column":4},"end":{"line":157,"column":116}},"62":{"start":{"line":160,"column":2},"end":{"line":160,"column":7}},"63":{"start":{"line":161,"column":2},"end":{"line":161,"column":17}},"64":{"start":{"line":163,"column":2},"end":{"line":166,"column":3}},"65":{"start":{"line":164,"column":4},"end":{"line":164,"column":76}},"66":{"start":{"line":165,"column":4},"end":{"line":165,"column":105}},"67":{"start":{"line":167,"column":2},"end":{"line":167,"column":50}},"68":{"start":{"line":177,"column":0},"end":{"line":203,"column":1}},"69":{"start":{"line":178,"column":2},"end":{"line":180,"column":3}},"70":{"start":{"line":179,"column":4},"end":{"line":179,"column":110}},"71":{"start":{"line":181,"column":2},"end":{"line":181,"column":37}},"72":{"start":{"line":183,"column":2},"end":{"line":183,"column":7}},"73":{"start":{"line":184,"column":2},"end":{"line":184,"column":12}},"74":{"start":{"line":185,"column":2},"end":{"line":185,"column":46}},"75":{"start":{"line":187,"column":2},"end":{"line":190,"column":3}},"76":{"start":{"line":188,"column":4},"end":{"line":188,"column":40}},"77":{"start":{"line":189,"column":4},"end":{"line":189,"column":69}},"78":{"start":{"line":192,"column":2},"end":{"line":198,"column":3}},"79":{"start":{"line":193,"column":4},"end":{"line":193,"column":44}},"80":{"start":{"line":194,"column":4},"end":{"line":197,"column":5}},"81":{"start":{"line":195,"column":6},"end":{"line":195,"column":28}},"82":{"start":{"line":196,"column":6},"end":{"line":196,"column":43}},"83":{"start":{"line":200,"column":2},"end":{"line":200,"column":69}},"84":{"start":{"line":201,"column":2},"end":{"line":201,"column":46}},"85":{"start":{"line":202,"column":2},"end":{"line":202,"column":34}},"86":{"start":{"line":214,"column":0},"end":{"line":216,"column":1}},"87":{"start":{"line":215,"column":2},"end":{"line":215,"column":42}},"88":{"start":{"line":228,"column":0},"end":{"line":238,"column":1}},"89":{"start":{"line":229,"column":2},"end":{"line":236,"column":3}},"90":{"start":{"line":230,"column":4},"end":{"line":230,"column":50}},"91":{"start":{"line":231,"column":4},"end":{"line":231,"column":34}},"92":{"start":{"line":232,"column":4},"end":{"line":232,"column":26}},"93":{"start":{"line":234,"column":4},"end":{"line":234,"column":63}},"94":{"start":{"line":235,"column":4},"end":{"line":235,"column":52}},"95":{"start":{"line":237,"column":2},"end":{"line":237,"column":24}},"96":{"start":{"line":246,"column":0},"end":{"line":249,"column":1}},"97":{"start":{"line":247,"column":2},"end":{"line":247,"column":36}},"98":{"start":{"line":248,"column":2},"end":{"line":248,"column":22}},"99":{"start":{"line":258,"column":0},"end":{"line":275,"column":1}},"100":{"start":{"line":259,"column":2},"end":{"line":261,"column":3}},"101":{"start":{"line":260,"column":4},"end":{"line":260,"column":10}},"102":{"start":{"line":263,"column":2},"end":{"line":263,"column":10},"skip":true},"103":{"start":{"line":265,"column":2},"end":{"line":270,"column":3}},"104":{"start":{"line":266,"column":4},"end":{"line":266,"column":38}},"105":{"start":{"line":267,"column":4},"end":{"line":267,"column":58}},"106":{"start":{"line":269,"column":4},"end":{"line":269,"column":81}},"107":{"start":{"line":273,"column":2},"end":{"line":273,"column":34},"skip":true},"108":{"start":{"line":274,"column":2},"end":{"line":274,"column":98}},"109":{"start":{"line":285,"column":0},"end":{"line":327,"column":1}},"110":{"start":{"line":286,"column":2},"end":{"line":286,"column":94}},"111":{"start":{"line":287,"column":2},"end":{"line":287,"column":62}},"112":{"start":{"line":288,"column":2},"end":{"line":288,"column":66}},"113":{"start":{"line":289,"column":2},"end":{"line":289,"column":98}},"114":{"start":{"line":291,"column":2},"end":{"line":291,"column":94}},"115":{"start":{"line":292,"column":2},"end":{"line":292,"column":97}},"116":{"start":{"line":294,"column":2},"end":{"line":294,"column":54}},"117":{"start":{"line":295,"column":2},"end":{"line":298,"column":3}},"118":{"start":{"line":300,"column":2},"end":{"line":300,"column":50}},"119":{"start":{"line":301,"column":2},"end":{"line":304,"column":3}},"120":{"start":{"line":306,"column":2},"end":{"line":306,"column":56}},"121":{"start":{"line":307,"column":2},"end":{"line":310,"column":3}},"122":{"start":{"line":312,"column":2},"end":{"line":312,"column":61}},"123":{"start":{"line":313,"column":2},"end":{"line":313,"column":60}},"124":{"start":{"line":314,"column":2},"end":{"line":317,"column":3}},"125":{"start":{"line":319,"column":2},"end":{"line":320,"column":72}},"126":{"start":{"line":322,"column":2},"end":{"line":324,"column":3}},"127":{"start":{"line":323,"column":4},"end":{"line":323,"column":73}},"128":{"start":{"line":326,"column":2},"end":{"line":326,"column":41}},"129":{"start":{"line":336,"column":0},"end":{"line":350,"column":1}},"130":{"start":{"line":337,"column":2},"end":{"line":339,"column":3}},"131":{"start":{"line":338,"column":4},"end":{"line":338,"column":66}},"132":{"start":{"line":341,"column":2},"end":{"line":345,"column":3}},"133":{"start":{"line":342,"column":4},"end":{"line":344,"column":5}},"134":{"start":{"line":343,"column":6},"end":{"line":343,"column":12}},"135":{"start":{"line":347,"column":2},"end":{"line":349,"column":3}},"136":{"start":{"line":348,"column":4},"end":{"line":348,"column":16}},"137":{"start":{"line":358,"column":0},"end":{"line":362,"column":1}},"138":{"start":{"line":359,"column":2},"end":{"line":359,"column":80}},"139":{"start":{"line":360,"column":2},"end":{"line":360,"column":40}},"140":{"start":{"line":361,"column":2},"end":{"line":361,"column":22}},"141":{"start":{"line":374,"column":0},"end":{"line":377,"column":1}},"142":{"start":{"line":375,"column":2},"end":{"line":375,"column":68}},"143":{"start":{"line":376,"column":2},"end":{"line":376,"column":72}},"144":{"start":{"line":379,"column":0},"end":{"line":379,"column":27}}},"branchMap":{"1":{"line":97,"type":"if","locations":[{"start":{"line":97,"column":2},"end":{"line":97,"column":2}},{"start":{"line":97,"column":2},"end":{"line":97,"column":2}}]},"2":{"line":101,"type":"if","locations":[{"start":{"line":101,"column":2},"end":{"line":101,"column":2}},{"start":{"line":101,"column":2},"end":{"line":101,"column":2}}]},"3":{"line":131,"type":"if","locations":[{"start":{"line":131,"column":2},"end":{"line":131,"column":2}},{"start":{"line":131,"column":2},"end":{"line":131,"column":2}}]},"4":{"line":152,"type":"if","locations":[{"start":{"line":152,"column":2},"end":{"line":152,"column":2}},{"start":{"line":152,"column":2},"end":{"line":152,"column":2}}]},"5":{"line":156,"type":"if","locations":[{"start":{"line":156,"column":2},"end":{"line":156,"column":2}},{"start":{"line":156,"column":2},"end":{"line":156,"column":2}}]},"6":{"line":178,"type":"if","locations":[{"start":{"line":178,"column":2},"end":{"line":178,"column":2}},{"start":{"line":178,"column":2},"end":{"line":178,"column":2}}]},"7":{"line":187,"type":"if","locations":[{"start":{"line":187,"column":2},"end":{"line":187,"column":2}},{"start":{"line":187,"column":2},"end":{"line":187,"column":2}}]},"8":{"line":194,"type":"if","locations":[{"start":{"line":194,"column":4},"end":{"line":194,"column":4}},{"start":{"line":194,"column":4},"end":{"line":194,"column":4}}]},"9":{"line":229,"type":"if","locations":[{"start":{"line":229,"column":2},"end":{"line":229,"column":2}},{"start":{"line":229,"column":2},"end":{"line":229,"column":2}}]},"10":{"line":229,"type":"binary-expr","locations":[{"start":{"line":229,"column":6},"end":{"line":229,"column":21}},{"start":{"line":229,"column":25},"end":{"line":229,"column":51}}]},"11":{"line":259,"type":"if","locations":[{"start":{"line":259,"column":2},"end":{"line":259,"column":2}},{"start":{"line":259,"column":2},"end":{"line":259,"column":2}}]},"12":{"line":322,"type":"if","locations":[{"start":{"line":322,"column":2},"end":{"line":322,"column":2}},{"start":{"line":322,"column":2},"end":{"line":322,"column":2}}]},"13":{"line":337,"type":"if","locations":[{"start":{"line":337,"column":2},"end":{"line":337,"column":2}},{"start":{"line":337,"column":2},"end":{"line":337,"column":2}}]},"14":{"line":342,"type":"if","locations":[{"start":{"line":342,"column":4},"end":{"line":342,"column":4}},{"start":{"line":342,"column":4},"end":{"line":342,"column":4}}]},"15":{"line":347,"type":"if","locations":[{"start":{"line":347,"column":2},"end":{"line":347,"column":2}},{"start":{"line":347,"column":2},"end":{"line":347,"column":2}}]}},"code":["'use strict'","","const ConnectionEndpoint = require('./message/connection-endpoint')","const MessageProcessor = require('./message/message-processor')","const MessageDistributor = require('./message/message-distributor')","const EventHandler = require('./event/event-handler')","const messageParser = require('./message/message-parser')","const readMessage = require('./utils/read-message')","const fs = require('fs')","const path = require('path')","const util = require('util')","const utils = require('./utils/utils')","const defaultOptions = require('./default-options')","const configInitialiser = require('./config/config-initialiser')","const jsYamlLoader = require('./config/js-yaml-loader')","const RpcHandler = require('./rpc/rpc-handler')","const RecordHandler = require('./record/record-handler')","const PresenceHandler = require('./presence/presence-handler')","const DependencyInitialiser = require('./utils/dependency-initialiser')","const ClusterRegistry = require('./cluster/cluster-registry')","const UniqueRegistry = require('./cluster/cluster-unique-state-provider')","const C = require('./constants/constants')","const pkg = require('../package.json')","","const EventEmitter = require('events').EventEmitter","const EOL = require('os').EOL","","const STATES = C.STATES","","/**"," * Deepstream is a realtime data server that scales horizontally"," * by running in clusters of interacting nodes"," *"," * @copyright 2016 deepstreamHub GmbH"," * @author deepstreamHub GmbH"," *"," * @param {Object} config Configuration object"," *"," * @constructor"," */","const Deepstream = function (config) {","  this._currentState = STATES.CLOSED","  this.constants = C","  this._loadConfig(config)","  this._connectionEndpoint = null","  this._messageProcessor = null","  this._messageDistributor = null","  this._eventHandler = null","  this._rpcHandler = null","  this._recordHandler = null","  this._plugins = [","    'messageConnector',","    'storage',","    'cache',","    'authenticationHandler',","    'permissionHandler'","  ]","}","","util.inherits(Deepstream, EventEmitter)","","/**"," * Sets the name of the process"," *"," * @type {String}"," */","process.title = 'deepstream server'","","/**"," * Expose constants to allow consumers to access them without"," * requiring a reference to a deepstream instance."," *"," *","*/","Deepstream.constants = C","","","/**"," * Utility method to return a helper object to simplify permissions assertions"," *"," * @param  {object} message description"," * @return {object}         description"," */","Deepstream.readMessage = readMessage","","/**"," * Set a deepstream option. For a list of all available options"," * please see default-options."," *"," * @param {String} key   the name of the option"," * @param {Mixed} value  the value, e.g. a portnumber for ports or an instance of a logger class"," *"," * @public"," * @returns {void}"," */","Deepstream.prototype.set = function (key, value) {","  if (key === 'message') {","    key = 'messageConnector' // eslint-disable-line","  }","","  if (this._options[key] === undefined) {","    throw new Error(`Unknown option \"${key}\"`)","  }","","  this._options[key] = value","  return this","}","","/**"," * Returns true if the deepstream server is running, otherwise false"," *"," * @public"," * @returns {boolean}"," */","Deepstream.prototype.isRunning = function () {","  return this._currentState === STATES.IS_RUNNING","}","","/**"," * Starts up deepstream. The startup process has three steps:"," *"," * - First of all initialise the logger and wait for it (ready event)"," * - Then initialise all other dependencies (cache connector, message connector, storage connector)"," * - Instantiate the messaging pipeline and record-, rpc- and event-handler"," * - Start WS server"," *"," * @public"," * @returns {void}"," */","Deepstream.prototype.start = function () {","  if (this._currentState !== STATES.CLOSED) {","    throw new Error(`Server can only start after it stops succesfully, currently ${this._currentState}`)","  }","  this._currentState = STATES.STARTING","  this._showStartLogo()","  const loggerInitializer = new DependencyInitialiser(this._options, 'logger')","  loggerInitializer.once('ready', this._start.bind(this))","}","","/**"," * This is the actual function which starts deepstream. It is invoked after+"," * the logger was intialized or emitted the read event if it was initialized"," * asynchronously"," *"," * @private"," * @returns {void}"," */","Deepstream.prototype._start = function () {","  this._options.logger.log(C.LOG_LEVEL.INFO, C.EVENT.INFO, `deepstream version: ${pkg.version}`)","","  // otherwise (no configFile) deepstream was invoked by API","  if (this._configFile != null) {","    this._options.logger.log(C.LOG_LEVEL.INFO, C.EVENT.INFO, `configuration file loaded from ${this._configFile}`)","  }","","  if (global.deepstreamLibDir) {","    this._options.logger.log(C.LOG_LEVEL.INFO, C.EVENT.INFO, `library directory set to: ${global.deepstreamLibDir}`)","  }","","  let i","  let initialiser","","  for (i = 0; i < this._plugins.length; i++) {","    initialiser = new DependencyInitialiser(this._options, this._plugins[i])","    initialiser.once('ready', this._checkReady.bind(this, this._plugins[i], initialiser.getDependency()))","  }","  this._checkReady('logger', this._options.logger)","}","","/**"," * Stops the server and closes all connections. The server can be started again,"," * but all clients have to reconnect. Will emit a 'stopped' event once done"," *"," * @public"," * @returns {void}"," */","Deepstream.prototype.stop = function () {","  if (this._currentState !== STATES.IS_RUNNING) {","    throw new Error(`Server can only be stopped after it starts succesfully, currently ${this._currentState}`)","  }","  this._currentState = STATES.CLOSING","","  let i","  let plugin","  const closables = [this._connectionEndpoint]","","  if (typeof this._options.logger.close === 'function') {","    closables.push(this._options.logger)","    setTimeout(this._options.logger.close.bind(this._options.logger))","  }","","  for (i = 0; i < this._plugins.length; i++) {","    plugin = this._options[this._plugins[i]]","    if (typeof plugin.close === 'function') {","      closables.push(plugin)","      setTimeout(plugin.close.bind(plugin))","    }","  }","","  utils.combineEvents(closables, 'close', this._onStopped.bind(this))","  this._options.clusterRegistry.leaveCluster()","  this._connectionEndpoint.close()","}","","/**"," * Expose the message-parser's convertTyped method"," * so that it can be used within permissionHandlers"," *"," * @param   {String} value A String starting with a type identifier (see C.TYPES)"," *"," * @public"," * @returns {mixed} the converted value"," */","Deepstream.prototype.convertTyped = function (value) {","  return messageParser.convertTyped(value)","}","","/**"," * Synchronously loads a configuration file"," * Initialization of plugins and logger will be triggered by the"," * configInitialiser, but it should not block. Instead the ready events of"," * those plugins are handled through the DependencyInitialiser in this instnace."," *"," * @param {Object} config Configuration object"," * @private"," * @returns {void}"," */","Deepstream.prototype._loadConfig = function (config) {","  if (config === null || typeof config === 'string') {","    const result = jsYamlLoader.loadConfig(config)","    this._configFile = result.file","    config = result.config // eslint-disable-line","  } else {","    const rawConfig = utils.merge(defaultOptions.get(), config)","    config = configInitialiser.initialise(rawConfig) // eslint-disable-line","  }","  this._options = config","}","","/**"," * Callback for the final stop event"," *"," * @private"," * @returns {void}"," */","Deepstream.prototype._onStopped = function () {","  this._currentState = STATES.CLOSED","  this.emit('stopped')","}","","/**"," * Shows a giant ASCII art logo which is absolutely crucial"," * for the proper functioning of the server"," *"," * @private"," * @returns {void}"," */","Deepstream.prototype._showStartLogo = function () {","  if (this._options.showLogo !== true) {","    return","  }","  /* istanbul ignore next */","  let logo","","  try {","    const nexeres = require('nexeres') // eslint-disable-line","    logo = nexeres.get('ascii-logo.txt').toString('ascii')","  } catch (e) {","    logo = fs.readFileSync(path.join(__dirname, '..', '/ascii-logo.txt'), 'utf8')","  }","","  /* istanbul ignore next */","  process.stdout.write(logo + EOL)","  process.stdout.write(` =========================   starting   ==========================${EOL}`)","}","","/**"," * Invoked once all dependencies are initialised. Instantiates the messaging pipeline and"," * the various handlers."," * The startup sequence will be complete once the connection endpoint is started and listening"," *"," * @private"," * @returns {void}"," */","Deepstream.prototype._init = function () {","  this._connectionEndpoint = new ConnectionEndpoint(this._options, this._onStarted.bind(this))","  this._messageProcessor = new MessageProcessor(this._options)","  this._messageDistributor = new MessageDistributor(this._options)","  this._connectionEndpoint.onMessage = this._messageProcessor.process.bind(this._messageProcessor)","","  this._options.clusterRegistry = new ClusterRegistry(this._options, this._connectionEndpoint)","  this._options.uniqueRegistry = new UniqueRegistry(this._options, this._options.clusterRegistry)","","  this._eventHandler = new EventHandler(this._options)","  this._messageDistributor.registerForTopic(","    C.TOPIC.EVENT,","    this._eventHandler.handle.bind(this._eventHandler)","  )","","  this._rpcHandler = new RpcHandler(this._options)","  this._messageDistributor.registerForTopic(","    C.TOPIC.RPC,","    this._rpcHandler.handle.bind(this._rpcHandler)","  )","","  this._recordHandler = new RecordHandler(this._options)","  this._messageDistributor.registerForTopic(","    C.TOPIC.RECORD,","    this._recordHandler.handle.bind(this._recordHandler)","  )","","  this._options.connectionEndpoint = this._connectionEndpoint","  this._presenceHandler = new PresenceHandler(this._options)","  this._messageDistributor.registerForTopic(","    C.TOPIC.PRESENCE,","    this._presenceHandler.handle.bind(this._presenceHandler)","  )","","  this._messageProcessor.onAuthenticatedMessage =","      this._messageDistributor.distribute.bind(this._messageDistributor)","","  if (this._options.permissionHandler.setRecordHandler) {","    this._options.permissionHandler.setRecordHandler(this._recordHandler)","  }","","  this._currentState = STATES.INITIALIZED","}","","/**"," * Called whenever a dependency emits a ready event. Once all dependencies are ready"," * deepstream moves to the init step."," *"," * @private"," * @returns {void}"," */","Deepstream.prototype._checkReady = function (pluginName, plugin) {","  if (plugin instanceof EventEmitter) {","    plugin.on('error', this._onPluginError.bind(this, pluginName))","  }","","  for (let i = 0; i < this._plugins.length; i++) {","    if (this._options[this._plugins[i]].isReady !== true) {","      return","    }","  }","","  if (this._currentState === STATES.STARTING) {","    this._init()","  }","}","","/**"," * Final callback - Deepstream is up and running now"," *"," * @private"," * @returns {void}"," */","Deepstream.prototype._onStarted = function () {","  this._options.logger.log(C.LOG_LEVEL.INFO, C.EVENT.INFO, 'Deepstream started')","  this._currentState = STATES.IS_RUNNING","  this.emit('started')","}","","/**"," * Callback for plugin errors that occur at runtime. Errors during initialisation"," * are handled by the DependencyInitialiser"," *"," * @param   {String} pluginName"," * @param   {Error} error"," *"," * @private"," * @returns {void}"," */","Deepstream.prototype._onPluginError = function (pluginName, error) {","  const msg = `Error from ${pluginName} plugin: ${error.toString()}`","  this._options.logger.log(C.LOG_LEVEL.ERROR, C.EVENT.PLUGIN_ERROR, msg)","}","","module.exports = Deepstream",""],"l":{"3":1,"4":1,"5":1,"6":1,"7":1,"8":1,"9":1,"10":1,"11":1,"12":1,"13":1,"14":1,"15":1,"16":1,"17":1,"18":1,"19":1,"20":1,"21":1,"22":1,"23":1,"25":1,"26":1,"28":1,"41":1,"42":0,"43":0,"44":0,"45":0,"46":0,"47":0,"48":0,"49":0,"50":0,"51":0,"60":1,"67":1,"75":1,"84":1,"96":1,"97":0,"98":0,"101":0,"102":0,"105":0,"106":0,"115":1,"116":0,"130":1,"131":0,"132":0,"134":0,"135":0,"136":0,"137":0,"148":1,"149":0,"152":0,"153":0,"156":0,"157":0,"160":0,"161":0,"163":0,"164":0,"165":0,"167":0,"177":1,"178":0,"179":0,"181":0,"183":0,"184":0,"185":0,"187":0,"188":0,"189":0,"192":0,"193":0,"194":0,"195":0,"196":0,"200":0,"201":0,"202":0,"214":1,"215":0,"228":1,"229":0,"230":0,"231":0,"232":0,"234":0,"235":0,"237":0,"246":1,"247":0,"248":0,"258":1,"259":0,"260":0,"263":1,"265":0,"266":0,"267":0,"269":0,"273":1,"274":0,"285":1,"286":0,"287":0,"288":0,"289":0,"291":0,"292":0,"294":0,"295":0,"300":0,"301":0,"306":0,"307":0,"312":0,"313":0,"314":0,"319":0,"322":0,"323":0,"326":0,"336":1,"337":0,"338":0,"341":0,"342":0,"343":0,"347":0,"348":0,"358":1,"359":0,"360":0,"361":0,"374":1,"375":0,"376":0,"379":1}},"/home/travis/build/npmtest/node-npmtest-deepstream.io/node_modules/deepstream.io/src/message/connection-endpoint.js":{"path":"/home/travis/build/npmtest/node-npmtest-deepstream.io/node_modules/deepstream.io/src/message/connection-endpoint.js","s":{"1":1,"2":1,"3":1,"4":1,"5":1,"6":1,"7":1,"8":1,"9":1,"10":1,"11":0,"12":0,"13":0,"14":0,"15":0,"16":0,"17":0,"18":0,"19":0,"20":0,"21":0,"22":0,"23":0,"24":0,"25":0,"26":0,"27":0,"28":0,"29":0,"30":0,"31":0,"32":0,"33":0,"34":0,"35":0,"36":0,"37":0,"38":0,"39":0,"40":0,"41":0,"42":0,"43":0,"44":0,"45":0,"46":0,"47":0,"48":0,"49":0,"50":0,"51":0,"52":0,"53":0,"54":0,"55":0,"56":0,"57":0,"58":0,"59":0,"60":0,"61":0,"62":0,"63":0,"64":0,"65":0,"66":0,"67":0,"68":0,"69":0,"70":0,"71":0,"72":0,"73":0,"74":0,"75":0,"76":0,"77":0,"78":0,"79":0,"80":0,"81":0,"82":0,"83":0,"84":0,"85":0,"86":0,"87":0,"88":0,"89":0,"90":0,"91":0,"92":0,"93":0,"94":0,"95":0,"96":0,"97":0,"98":0,"99":0,"100":0
[...]
s._isDestroyed === true) {","    return","  }","","  try {","    result = this._params.rule.fn.apply({}, args)","  } catch (error) {","    if (this._isReady()) {","      this._onRuleError(error)","      return","    }","  }","","  if (this._isReady()) {","    this._params.callback(null, result)","    this._destroy()","  }","}","","/**"," * Callback if a rule has irrecoverably errored. Rule errors due to unresolved"," * crossreferences are allowed as long as a loading step is in progress"," *"," * @param   {Error|String} error"," *"," * @private"," * @returns {void}"," */","RuleApplication.prototype._onRuleError = function (error) {","  if (this._isDestroyed === true) {","    return","  }","  const errorMsg = `error when executing ${this._params.rule.fn.toString()}${EOL","           }for ${this._params.path}: ${error.toString()}`","  this._params.logger.log(C.LOG_LEVEL.WARN, C.EVENT.MESSAGE_PERMISSION_ERROR, errorMsg)","  this._params.callback(C.EVENT.MESSAGE_PERMISSION_ERROR, false)","  this._destroy()","}","","/**"," * Called either asynchronously when data is successfully retrieved from the"," * cache or synchronously if its already present"," *"," * @param   {String} recordName the name of the loaded record data"," * @param   {Object} data       the data of the record"," *"," * @private"," * @returns {void}"," */","RuleApplication.prototype._onLoadComplete = function (recordName, data) {","  this._recordData[recordName] = data","","  if (this._isReady()) {","    this._runScheduled = true","    process.nextTick(this._run.bind(this))","  }","}","","/**"," * Called whenever a storage or cache retrieval fails. Any kind of error during the"," * permission process is treated as a denied permission"," *"," * @param   {String} recordName"," * @param   {Error}  error"," *"," * @private"," * @returns {void}"," */","RuleApplication.prototype._onLoadError = function (recordName, error) {","  this._recordData[recordName] = ERROR","  const errorMsg = `failed to load record ${this._params.name} for permissioning:${error.toString()}`","  this._params.logger.log(C.LOG_LEVEL.ERROR, C.EVENT.RECORD_LOAD_ERROR, errorMsg)","  this._params.callback(C.EVENT.RECORD_LOAD_ERROR, false)","  this._destroy()","}","","/**"," * Destroys this class and nulls down values to avoid"," * memory leaks"," *"," * @private"," * @returns {void}"," */","RuleApplication.prototype._destroy = function () {","  this._params.recordHandler.removeRecordRequest(this._params.name)","  this._isDestroyed = true","  this._runScheduled = false","  this._params = null","  this._crossReferenceFn = null","  this._pathVars = null","  this._user = null","  this._recordData = null","  this._currentData = null","}","","/**"," * If data.someValue is used in the rule, this method retrieves or loads the"," * current data. This can mean different things, depending on the type of message"," *"," * the data arguments is supported for record read & write,"," * event publish and rpc request"," *"," * for event publish, record update and rpc request, the data is already provided"," * in the message and doesn't need to be loaded"," *"," * for record.patch, only a delta is part of the message. For the full data, the current value"," * is loaded and the patch applied on top"," *"," * @private"," * @returns {void}"," */","RuleApplication.prototype._getCurrentData = function () {","  if (this._params.rule.hasData === false) {","    return null","  }","","  const msg = this._params.message","  let data","","  if (msg.topic === C.TOPIC.EVENT && msg.data[1]) {","    data = messageParser.convertTyped(msg.data[1])","  } else if (msg.topic === C.TOPIC.RPC) {","    data = messageParser.convertTyped(msg.data[2])","  } else if (msg.topic === C.TOPIC.RECORD && msg.action === C.ACTIONS.UPDATE) {","    data = this._getRecordUpdateData(msg)","  } else if (msg.topic === C.TOPIC.RECORD && msg.action === C.ACTIONS.PATCH) {","    data = this._getRecordPatchData(msg)","  }","","  if (data instanceof Error) {","    this._onRuleError(`error when converting message data ${data.toString()}`)","  } else {","    return data","  }","}","","/**"," * Extracts the data from record update messages"," *"," * @param   {Object} msg a deepstream message"," *"," * @private"," * @returns {Object} recordData"," */","RuleApplication.prototype._getRecordUpdateData = function (msg) {","  let data","","  try {","    data = JSON.parse(msg.data[2])","  } catch (error) {","    return error","  }","","  return data","}","","/**"," * Loads the records current data and applies the patch data onto it"," * to avoid users having to distuinguish between patches and updates"," *"," * @param   {Object} msg a deepstream message"," *"," * @private"," * @returns {Object} recordData"," */","RuleApplication.prototype._getRecordPatchData = function (msg) {","  if (msg.data.length !== 4 || typeof msg.data[2] !== STRING) {","    return new Error('Invalid message data')","  }","","  const currentData = this._recordData[this._params.name]","  const newData = messageParser.convertTyped(msg.data[3])","  let jsonPath","  let data","","  if (newData instanceof Error) {","    return newData","  }","","  if (currentData === null) {","    return new Error(`Tried to apply patch to non-existant record ${msg.data[0]}`)","  }","","  if (typeof currentData !== UNDEFINED && currentData !== LOADING) {","    jsonPath = new JsonPath(msg.data[2])","    data = JSON.parse(JSON.stringify(currentData._d))","    jsonPath.setValue(data, newData)","    return data","  }","  this._loadRecord(this._params.name)","}","","/**"," * Returns or loads the record's previous value. Only supported for record"," * write and read operations"," *"," * If getData encounters an error, the rule application might already be destroyed"," * at this point"," *"," * @private"," * @returns {void}"," */","RuleApplication.prototype._getOldData = function () {","  if (this._isDestroyed === true || this._params.rule.hasOldData === false) {","    return null","  } else if (this._recordData[this._params.name]) {","    return this._recordData[this._params.name]._d","  }","  this._loadRecord(this._params.name)","}","","/**"," * Compile the list of arguments that will be injected"," * into the permission function. This method is called"," * everytime the permission is run. This allows it to merge"," * patches and update the now timestamp"," *"," * @private"," * @returns {void}"," */","RuleApplication.prototype._getArguments = function () {","  return [","    this._crossReferenceFn,","    this._user,","    this._getCurrentData(),","    this._getOldData(),","    Date.now(),","    this._params ? this._params.action : null","  ].concat(this._pathVars)","}","","/**"," * Returns the data for the user variable. This is only done once"," * per rule as the user is not expected to change"," *"," * @private"," * @returns {void}"," */","RuleApplication.prototype._getUser = function () {","  return {","    isAuthenticated: this._params.username !== OPEN,","    id: this._params.username,","    data: this._params.authData","  }","}","","/**"," * Applies the compiled regexp for the path and extracts"," * the variables that will be made available as $variableName"," * within the rule"," *"," * This is only done once per rule as the path is not expected"," * to change"," *"," * @private"," * @returns {Array} pathVars"," */","RuleApplication.prototype._getPathVars = function () {","  return this._params.name.match(this._params.regexp).slice(1)","}","","/**"," * Returns true if all loading operations that are in progress have finished"," * and no run has been scheduled yet"," *"," * @private"," * @returns {Boolean}"," */","RuleApplication.prototype._isReady = function () {","  let isLoading = false","","  for (const key in this._recordData) {","    if (this._recordData[key] === LOADING) {","      isLoading = true","    }","  }","","  return isLoading === false && this._runScheduled === false","}","","/**"," * Loads a record with a given name. This will either result in"," * a onLoadComplete or onLoadError call. This method should only"," * be called if the record is not already being loaded or present,"," * but I'll leave the additional safeguards in until absolutely sure."," *"," * @param   {String} recordName"," *"," * @private"," * @returns {void}"," */","RuleApplication.prototype._loadRecord = function (recordName) {","  /* istanbul ignore next */","  if (this._recordData[recordName] === LOADING) {","    return","  }","  /* istanbul ignore next */","  if (typeof this._recordData[recordName] !== UNDEFINED) {","    this._onLoadComplete(recordName, this._recordData[recordName])","    return","  }","","  this._recordData[recordName] = LOADING","","  this._params.recordHandler.runWhenRecordStable(","    recordName,","    this._createNewRecordRequest.bind(this)","  )","}","","/**"," * Load the record data from the cache for permissioning. This method should be"," * called once the record is stable – meaning there are no remaining writes"," * waiting to be written to the cache."," *"," * @param   {String} recordName"," *"," * @private"," * @returns {void}"," */","RuleApplication.prototype._createNewRecordRequest = function (recordName) {","  // eslint-disable-next-line","  new RecordRequest(","    recordName,","    this._params.options,","    null,","    this._onLoadComplete.bind(this, recordName),","    this._onLoadError.bind(this, recordName)","  )","}","","/**"," * This method is passed to the rule function as _ to allow crossReferencing"," * of other records. Cross-references can be nested, leading to this method"," * being recoursively called until the either all cross references are loaded"," * or the rule has finally failed"," *"," * @param   {String} recordName"," *"," * @private"," * @returns {void}"," */","RuleApplication.prototype._crossReference = function (recordName) {","  const type = typeof recordName","","  if (type !== UNDEFINED && type !== STRING) {","    this._onRuleError(`crossreference got unsupported type ${type}`)","  } else if (type === UNDEFINED || recordName.indexOf(UNDEFINED) !== -1) {","    return","  } else if (this._recordData[recordName] === LOADING) {","    return","  } else if (this._recordData[recordName] === null) {","    return null","  } else if (typeof this._recordData[recordName] === UNDEFINED) {","    this._loadRecord(recordName)","  } else {","    return this._recordData[recordName]._d","  }","}","","module.exports = RuleApplication",""],"l":{"3":1,"4":1,"5":1,"6":1,"7":1,"8":1,"10":1,"11":1,"12":1,"13":1,"38":1,"39":0,"40":0,"41":0,"42":0,"43":0,"44":0,"45":0,"46":0,"47":0,"48":0,"49":0,"60":1,"61":0,"62":0,"64":1,"65":1,"68":0,"69":0,"70":0,"73":0,"74":0,"76":0,"77":0,"80":0,"81":0,"83":0,"84":0,"85":0,"89":0,"90":0,"91":0,"104":1,"105":0,"106":0,"108":0,"110":0,"111":0,"112":0,"125":1,"126":0,"128":0,"129":0,"130":0,"144":1,"145":0,"146":0,"147":0,"148":0,"149":0,"159":1,"160":0,"161":0,"162":0,"163":0,"164":0,"165":0,"166":0,"167":0,"168":0,"187":1,"188":0,"189":0,"192":0,"193":0,"195":0,"196":0,"197":0,"198":0,"199":0,"200":0,"201":0,"202":0,"205":0,"206":0,"208":0,"220":1,"221":0,"223":0,"224":0,"226":0,"229":0,"241":1,"242":0,"243":0,"246":0,"247":0,"248":0,"249":0,"251":0,"252":0,"255":0,"256":0,"259":0,"260":0,"261":0,"262":0,"263":0,"265":0,"278":1,"279":0,"280":0,"281":0,"282":0,"284":0,"296":1,"297":0,"314":1,"315":0,"333":1,"334":0,"344":1,"345":0,"347":0,"348":0,"349":0,"353":0,"367":1,"369":1,"370":1,"373":1,"374":1,"375":1,"378":0,"380":0,"396":1,"398":0,"418":1,"419":0,"421":0,"422":0,"423":0,"424":0,"425":0,"426":0,"427":0,"428":0,"429":0,"430":0,"432":0,"436":1}},"/home/travis/build/npmtest/node-npmtest-deepstream.io/node_modules/deepstream.io/src/permission/rule-cache.js":{"path":"/home/travis/build/npmtest/node-npmtest-deepstream.io/node_modules/deepstream.io/src/permission/rule-cache.js","s":{"1":1,"2":0,"3":0,"4":0,"5":1,"6":0,"7":1,"8":0,"9":1,"10":0,"11":0,"12":0,"13":1,"14":0,"15":1,"16":0,"17":1,"18":0,"19":0,"20":0,"21":0,"22":1},"b":{"1":[0,0]},"f":{"1":0,"2":0,"3":0,"4":0,"5":0,"6":0,"7":0},"fnMap":{"1":{"name":"(anonymous_1)","line":10,"loc":{"start":{"line":10,"column":18},"end":{"line":10,"column":37}}},"2":{"name":"(anonymous_2)","line":22,"loc":{"start":{"line":22,"column":28},"end":{"line":22,"column":40}}},"3":{"name":"(anonymous_3)","line":37,"loc":{"start":{"line":37,"column":26},"end":{"line":37,"column":57}}},"4":{"name":"(anonymous_4)","line":51,"loc":{"start":{"line":51,"column":26},"end":{"line":51,"column":57}}},"5":{"name":"(anonymous_5)","line":69,"loc":{"start":{"line":69,"column":26},"end":{"line":69,"column":63}}},"6":{"name":"(anonymous_6)","line":86,"loc":{"start":{"line":86,"column":29},"end":{"line":86,"column":60}}},"7":{"name":"(anonymous_7)","line":101,"loc":{"start":{"line":101,"column":29},"end":{"line":101,"column":41}}}},"statementMap":{"1":{"start":{"line":10,"column":0},"end":{"line":14,"column":1}},"2":{"start":{"line":11,"column":2},"end":{"line":11,"column":25}},"3":{"start":{"line":12,"column":2},"end":{"line":12,"column":17}},"4":{"start":{"line":13,"column":2},"end":{"line":13,"column":70}},"5":{"start":{"line":22,"column":0},"end":{"line":24,"column":1}},"6":{"start":{"line":23,"column":2},"end":{"line":23,"column":17}},"7":{"start":{"line":37,"column":0},"end":{"line":39,"column":1}},"8":{"start":{"line":38,"column":2},"end":{"line":38,"column":55}},"9":{"start":{"line":51,"column":0},"end":{"line":55,"column":1}},"10":{"start":{"line":52,"column":2},"end":{"line":52,"column":46}},"11":{"start":{"line":53,"column":2},"end":{"line":53,"column":31}},"12":{"start":{"line":54,"column":2},"end":{"line":54,"column":29}},"13":{"start":{"line":69,"column":0},"end":{"line":74,"column":1}},"14":{"start":{"line":70,"column":2},"end":{"line":73,"column":3}},"15":{"start":{"line":86,"column":0},"end":{"line":88,"column":1}},"16":{"start":{"line":87,"column":2},"end":{"line":87,"column":37}},"17":{"start":{"line":101,"column":0},"end":{"line":109,"column":1}},"18":{"start":{"line":102,"column":2},"end":{"line":108,"column":3}},"19":{"start":{"line":103,"column":4},"end":{"line":107,"column":5}},"20":{"start":{"line":104,"column":6},"end":{"line":104,"column":36}},"21":{"start":{"line":106,"column":6},"end":{"line":106,"column":28}},"22":{"start":{"line":111,"column":0},"end":{"line":111,"column":26}}},"branchMap":{"1":{"line":103,"type":"if","locations":[{"start":{"line":103,"column":4},"end":{"line":103,"column":4}},{"start":{"line":103,"column":4},"end":{"line":103,"column":4}}]}},"code":["'use strict'","","/**"," * This cache stores rules that are frequently used. It removes"," * unused rules after a preset interval"," *"," * @constructor"," * @param {Object} options deepstream options"," */","const RuleCache = function (options) {","  this._options = options","  this._data = {}","  setInterval(this._purge.bind(this), options.cacheEvacuationInterval)","}","","/**"," * Empties the rulecache completely"," *"," * @public"," * @returns {void}"," */","RuleCache.prototype.reset = function () {","  this._data = {}","}","","/**"," * Checks if an entry for a specific rule in a specific section is"," * present"," *"," * @param   {String}  section e.g. record, event or rpc"," * @param   {String}  name    the name of the record, event or rpc"," * @param   {String}  type    the type of the action, e.g. read, write, subscribe"," *"," * @public"," * @returns {Boolean}"," */","RuleCache.prototype.has = function (section, name, type) {","  return !!this._data[this._toKey(section, name, type)]","}","","/**"," * Resets the usage flag and returns an entry from the cache"," *"," * @param   {String}  section e.g. record, event or rpc"," * @param   {String}  name    the name of the record, event or rpc"," * @param   {String}  type    the type of the action, e.g. read, write, subscribe"," *"," * @public"," * @returns {Object} rule"," */","RuleCache.prototype.get = function (section, name, type) {","  const key = this._toKey(section, name, type)","  this._data[key].isUsed = true","  return this._data[key].rule","}","","","/**"," * Adds an entry to the cache"," *"," * @param   {String}  section e.g. record, event or rpc"," * @param   {String}  name    the name of the record, event or rpc"," * @param   {String}  type    the type of the action, e.g. read, write, subscribe"," * @param   {Object}  rule the result of a rule lookup"," *"," * @public"," * @returns {Object} rule"," */","RuleCache.prototype.set = function (section, name, type, rule) {","  this._data[this._toKey(section, name, type)] = {","    rule,","    isUsed: true","  }","}","","/**"," * Creates a key from the various set parameters"," *"," * @param   {String}  section e.g. record, event or rpc"," * @param   {String}  name    the name of the record, event or rpc"," * @param   {String}  type    the type of the action, e.g. read, write, subscribe"," *"," * @public"," * @returns {String} key"," */","RuleCache.prototype._toKey = function (section, name, type) {","  return `${section}_${name}_${type}`","}","","/**"," * This method is called repeatedly on an interval, defined by"," * cacheEvacuationInterval."," *"," * If a rule in the cache has been used in the last interval, it sets its isUsed flag to false."," * Whenever the rule is used, the isUsed flag will be set to true"," * Any rules that haven't been used in the next cycle will be removed from the cache"," *"," * @private"," * @returns {void}"," */","RuleCache.prototype._purge = function () {","  for (const key in this._data) {","    if (this._data[key].isUsed === true) {","      this._data[key].isUsed = false","    } else {","      delete this._data[key]","    }","  }","}","","module.exports = RuleCache",""],"l":{"10":1,"11":0,"12":0,"13":0,"22":1,"23":0,"37":1,"38":0,"51":1,"52":0,"53":0,"54":0,"69":1,"70":0,"86":1,"87":0,"101":1,"102":0,"103":0,"104":0,"106":0,"111":1}},"/home/travis/build/npmtest/node-npmtest-deepstream.io/node_modules/deepstream.io/src/permission/open-permission-handler.js":{"path":"/home/travis/build/npmtest/node-npmtest-deepstream.io/node_modules/deepstream.io/src/permission/open-permission-handler.js","s":{"1":1,"2":1,"3":0,"4":0,"5":0,"6":0},"b":{},"f":{"1":0,"2":0},"fnMap":{"1":{"name":"(anonymous_1)","line":15,"loc":{"start":{"line":15,"column":14},"end":{"line":15,"column":17}}},"2":{"name":"(anonymous_2)","line":33,"loc":{"start":{"line":33,"column":19},"end":{"line":33,"column":59}}}},"statementMap":{"1":{"start":{"line":3,"column":0},"end":{"line":3,"column":51}},"2":{"start":{"line":11,"column":0},"end":{"line":36,"column":1}},"3":{"start":{"line":16,"column":4},"end":{"line":16,"column":11}},"4":{"start":{"line":17,"column":4},"end":{"line":17,"column":22}},"5":{"start":{"line":18,"column":4},"end":{"line":18,"column":23}},"6":{"start":{"line":34,"column":4},"end":{"line":34,"column":24}}},"branchMap":{},"code":["'use strict'","","const EventEmitter = require('events').EventEmitter","","/**"," * The open permission handler allows any action to occur without applying"," * any permissions."," *"," * @class OpenPermissionHandler"," */","module.exports = class OpenPermissionHandler extends EventEmitter {","  /**","  * @param {String} type exposes the type for logging purposes","  */","  constructor () {","    super()","    this.type = 'none'","    this.isReady = true","  }","","  /**","  * Allows any action by an user","  *","  * @param   {String}   username the name of the connected user, as specified in isValidUser","  * @param   {Object}   message  a parsed deepstream message","  * @param   {Function} callback the callback to provide the result","  * @param   {[Object]}   authData additional optional authData as passed to isValidUser","  *","  * @public","  * @implements {PermissionHandler.isValidUser}","  * @returns {void}","  */","  canPerformAction (username, message, callback, authData) { // eslint-disable-line","    callback(null, true)","  }","}",""],"l":{"3":1,"11":1,"16":0,"17":0,"18":0,"34":0}}}